<?xml version="1.0" encoding="UTF-8"?>
<coverage generated="1776862263396" clover="3.2.0">
  <project timestamp="1776862263396" name="All files">
    <metrics statements="163" coveredstatements="158" conditionals="110" coveredconditionals="99" methods="46" coveredmethods="44" elements="319" coveredelements="301" complexity="0" loc="163" ncloc="163" packages="4" files="7" classes="7"/>
    <package name="components">
      <metrics statements="4" coveredstatements="4" conditionals="7" coveredconditionals="7" methods="2" coveredmethods="2"/>
      <file name="FormInput.js" path="E:\footprint-mobile-app\client\footprint-mobile\src\components\FormInput.js">
        <metrics statements="2" coveredstatements="2" conditionals="7" coveredconditionals="7" methods="1" coveredmethods="1"/>
        <line num="15" count="514" type="stmt"/>
        <line num="35" count="3" type="stmt"/>
      </file>
      <file name="PrimaryButton.js" path="E:\footprint-mobile-app\client\footprint-mobile\src\components\PrimaryButton.js">
        <metrics statements="2" coveredstatements="2" conditionals="0" coveredconditionals="0" methods="1" coveredmethods="1"/>
        <line num="6" count="126" type="stmt"/>
        <line num="13" count="3" type="stmt"/>
      </file>
    </package>
    <package name="constants">
      <metrics statements="1" coveredstatements="1" conditionals="0" coveredconditionals="0" methods="0" coveredmethods="0"/>
      <file name="colours.js" path="E:\footprint-mobile-app\client\footprint-mobile\src\constants\colours.js">
        <metrics statements="1" coveredstatements="1" conditionals="0" coveredconditionals="0" methods="0" coveredmethods="0"/>
        <line num="1" count="3" type="stmt"/>
      </file>
    </package>
    <package name="models">
      <metrics statements="5" coveredstatements="5" conditionals="0" coveredconditionals="0" methods="1" coveredmethods="1"/>
      <file name="User.js" path="E:\footprint-mobile-app\client\footprint-mobile\src\models\User.js">
        <metrics statements="5" coveredstatements="5" conditionals="0" coveredconditionals="0" methods="1" coveredmethods="1"/>
        <line num="3" count="4" type="stmt"/>
        <line num="4" count="4" type="stmt"/>
        <line num="5" count="4" type="stmt"/>
        <line num="6" count="4" type="stmt"/>
        <line num="7" count="4" type="stmt"/>
      </file>
    </package>
    <package name="screens">
      <metrics statements="153" coveredstatements="148" conditionals="103" coveredconditionals="92" methods="43" coveredmethods="41"/>
      <file name="EditProfileScreen.js" path="E:\footprint-mobile-app\client\footprint-mobile\src\screens\EditProfileScreen.js">
        <metrics statements="80" coveredstatements="75" conditionals="67" coveredconditionals="56" methods="23" coveredmethods="21"/>
        <line num="18" count="54" type="stmt"/>
        <line num="19" count="54" type="cond" truecount="2" falsecount="0"/>
        <line num="21" count="54" type="stmt"/>
        <line num="30" count="54" type="stmt"/>
        <line num="36" count="54" type="stmt"/>
        <line num="37" count="54" type="stmt"/>
        <line num="38" count="54" type="stmt"/>
        <line num="39" count="54" type="stmt"/>
        <line num="40" count="54" type="stmt"/>
        <line num="42" count="54" type="stmt"/>
        <line num="44" count="13" type="stmt"/>
        <line num="45" count="13" type="stmt"/>
        <line num="47" count="12" type="stmt"/>
        <line num="53" count="12" type="stmt"/>
        <line num="58" count="12" type="stmt"/>
        <line num="60" count="1" type="stmt"/>
        <line num="62" count="13" type="stmt"/>
        <line num="66" count="13" type="stmt"/>
        <line num="70" count="8" type="stmt"/>
        <line num="74" count="9" type="stmt"/>
        <line num="76" count="9" type="cond" truecount="2" falsecount="0"/>
        <line num="77" count="1" type="stmt"/>
        <line num="80" count="9" type="cond" truecount="2" falsecount="0"/>
        <line num="81" count="1" type="stmt"/>
        <line num="82" count="8" type="cond" truecount="2" falsecount="0"/>
        <line num="83" count="1" type="stmt"/>
        <line num="86" count="9" type="cond" truecount="2" falsecount="0"/>
        <line num="87" count="1" type="stmt"/>
        <line num="91" count="9" type="cond" truecount="3" falsecount="0"/>
        <line num="93" count="9" type="cond" truecount="2" falsecount="0"/>
        <line num="94" count="4" type="cond" truecount="2" falsecount="0"/>
        <line num="95" count="1" type="stmt"/>
        <line num="98" count="4" type="cond" truecount="1" falsecount="1"/>
        <line num="99" count="0" type="stmt"/>
        <line num="100" count="4" type="cond" truecount="2" falsecount="0"/>
        <line num="101" count="1" type="stmt"/>
        <line num="104" count="4" type="cond" truecount="2" falsecount="0"/>
        <line num="105" count="1" type="stmt"/>
        <line num="106" count="3" type="cond" truecount="2" falsecount="0"/>
        <line num="107" count="1" type="stmt"/>
        <line num="111" count="9" type="stmt"/>
        <line num="112" count="9" type="stmt"/>
        <line num="116" count="9" type="stmt"/>
        <line num="117" count="9" type="stmt"/>
        <line num="119" count="9" type="cond" truecount="2" falsecount="0"/>
        <line num="121" count="4" type="stmt"/>
        <line num="123" count="4" type="cond" truecount="2" falsecount="0"/>
        <line num="124" count="2" type="stmt"/>
        <line num="127" count="4" type="cond" truecount="1" falsecount="1"/>
        <line num="128" count="0" type="stmt"/>
        <line num="131" count="4" type="cond" truecount="1" falsecount="1"/>
        <line num="132" count="0" type="stmt"/>
        <line num="135" count="4" type="cond" truecount="2" falsecount="0"/>
        <line num="136" count="1" type="stmt"/>
        <line num="139" count="4" type="cond" truecount="2" falsecount="0"/>
        <line num="140" count="1" type="stmt"/>
        <line num="141" count="1" type="stmt"/>
        <line num="144" count="3" type="stmt"/>
        <line num="145" count="3" type="stmt"/>
        <line num="146" count="3" type="stmt"/>
        <line num="148" count="2" type="stmt"/>
        <line num="150" count="2" type="stmt"/>
        <line num="156" count="2" type="stmt"/>
        <line num="158" count="2" type="stmt"/>
        <line num="166" count="2" type="stmt"/>
        <line num="167" count="0" type="stmt"/>
        <line num="170" count="1" type="stmt"/>
        <line num="172" count="3" type="stmt"/>
        <line num="177" count="2" type="stmt"/>
        <line num="181" count="0" type="stmt"/>
        <line num="184" count="54" type="cond" truecount="2" falsecount="0"/>
        <line num="185" count="13" type="stmt"/>
        <line num="192" count="41" type="stmt"/>
        <line num="265" count="3" type="stmt"/>
        <line num="277" count="1" type="stmt"/>
        <line num="290" count="2" type="stmt"/>
        <line num="313" count="3" type="stmt"/>
        <line num="326" count="4" type="stmt"/>
        <line num="339" count="3" type="stmt"/>
        <line num="377" count="1" type="stmt"/>
      </file>
      <file name="LoginScreen.js" path="E:\footprint-mobile-app\client\footprint-mobile\src\screens\LoginScreen.js">
        <metrics statements="30" coveredstatements="30" conditionals="14" coveredconditionals="14" methods="7" coveredmethods="7"/>
        <line num="12" count="36" type="stmt"/>
        <line num="13" count="36" type="stmt"/>
        <line num="15" count="36" type="stmt"/>
        <line num="16" count="36" type="stmt"/>
        <line num="17" count="36" type="stmt"/>
        <line num="18" count="36" type="stmt"/>
        <line num="21" count="8" type="stmt"/>
        <line num="23" count="8" type="cond" truecount="2" falsecount="0"/>
        <line num="24" count="1" type="stmt"/>
        <line num="25" count="7" type="cond" truecount="2" falsecount="0"/>
        <line num="26" count="1" type="stmt"/>
        <line num="29" count="8" type="cond" truecount="2" falsecount="0"/>
        <line num="30" count="1" type="stmt"/>
        <line num="31" count="7" type="cond" truecount="2" falsecount="0"/>
        <line num="32" count="1" type="stmt"/>
        <line num="35" count="8" type="stmt"/>
        <line num="36" count="8" type="stmt"/>
        <line num="40" count="8" type="stmt"/>
        <line num="41" count="8" type="cond" truecount="2" falsecount="0"/>
        <line num="43" count="5" type="stmt"/>
        <line num="44" count="5" type="stmt"/>
        <line num="45" count="5" type="stmt"/>
        <line num="46" count="4" type="stmt"/>
        <line num="47" count="4" type="stmt"/>
        <line num="49" count="1" type="stmt"/>
        <line num="51" count="5" type="stmt"/>
        <line num="55" count="36" type="stmt"/>
        <line num="73" count="7" type="stmt"/>
        <line num="82" count="7" type="stmt"/>
        <line num="109" count="1" type="stmt"/>
      </file>
      <file name="RegisterScreen.js" path="E:\footprint-mobile-app\client\footprint-mobile\src\screens\RegisterScreen.js">
        <metrics statements="43" coveredstatements="43" conditionals="22" coveredconditionals="22" methods="13" coveredmethods="13"/>
        <line num="12" count="49" type="stmt"/>
        <line num="13" count="49" type="stmt"/>
        <line num="20" count="49" type="stmt"/>
        <line num="21" count="49" type="stmt"/>
        <line num="22" count="49" type="stmt"/>
        <line num="23" count="49" type="stmt"/>
        <line num="26" count="7" type="stmt"/>
        <line num="30" count="8" type="stmt"/>
        <line num="32" count="8" type="cond" truecount="2" falsecount="0"/>
        <line num="33" count="1" type="stmt"/>
        <line num="34" count="7" type="cond" truecount="2" falsecount="0"/>
        <line num="35" count="1" type="stmt"/>
        <line num="38" count="8" type="cond" truecount="2" falsecount="0"/>
        <line num="39" count="1" type="stmt"/>
        <line num="40" count="7" type="cond" truecount="2" falsecount="0"/>
        <line num="41" count="1" type="stmt"/>
        <line num="44" count="8" type="cond" truecount="2" falsecount="0"/>
        <line num="45" count="1" type="stmt"/>
        <line num="46" count="7" type="cond" truecount="2" falsecount="0"/>
        <line num="47" count="1" type="stmt"/>
        <line num="50" count="8" type="cond" truecount="2" falsecount="0"/>
        <line num="51" count="1" type="stmt"/>
        <line num="54" count="8" type="stmt"/>
        <line num="55" count="8" type="stmt"/>
        <line num="59" count="8" type="stmt"/>
        <line num="60" count="8" type="stmt"/>
        <line num="62" count="8" type="cond" truecount="2" falsecount="0"/>
        <line num="64" count="4" type="stmt"/>
        <line num="72" count="4" type="stmt"/>
        <line num="73" count="4" type="stmt"/>
        <line num="75" count="4" type="stmt"/>
        <line num="77" count="3" type="stmt"/>
        <line num="78" count="3" type="stmt"/>
        <line num="79" count="3" type="stmt"/>
        <line num="80" count="1" type="stmt"/>
        <line num="83" count="1" type="stmt"/>
        <line num="85" count="4" type="stmt"/>
        <line num="89" count="49" type="stmt"/>
        <line num="108" count="7" type="stmt"/>
        <line num="117" count="7" type="stmt"/>
        <line num="127" count="7" type="stmt"/>
        <line num="138" count="7" type="stmt"/>
        <line num="169" count="1" type="stmt"/>
      </file>
    </package>
  </project>
</coverage>
