{"E:\\footprint-mobile-app\\client\\footprint-mobile\\src\\components\\FormInput.js": {"path":"E:\\footprint-mobile-app\\client\\footprint-mobile\\src\\components\\FormInput.js","statementMap":{"0":{"start":{"line":15,"column":2},"end":{"line":32,"column":4}},"1":{"start":{"line":35,"column":15},"end":{"line":66,"column":2}}},"fnMap":{"0":{"name":"FormInput","decl":{"start":{"line":5,"column":24},"end":{"line":5,"column":33}},"loc":{"start":{"line":14,"column":3},"end":{"line":33,"column":1}},"line":14}},"branchMap":{"0":{"loc":{"start":{"line":13,"column":2},"end":{"line":13,"column":25}},"type":"default-arg","locations":[{"start":{"line":13,"column":19},"end":{"line":13,"column":25}}],"line":13},"1":{"loc":{"start":{"line":17,"column":7},"end":{"line":17,"column":57}},"type":"binary-expr","locations":[{"start":{"line":17,"column":7},"end":{"line":17,"column":12}},{"start":{"line":17,"column":16},"end":{"line":17,"column":57}}],"line":17},"2":{"loc":{"start":{"line":20,"column":30},"end":{"line":20,"column":56}},"type":"binary-expr","locations":[{"start":{"line":20,"column":30},"end":{"line":20,"column":35}},{"start":{"line":20,"column":39},"end":{"line":20,"column":56}}],"line":20},"3":{"loc":{"start":{"line":30,"column":7},"end":{"line":30,"column":57}},"type":"binary-expr","locations":[{"start":{"line":30,"column":7},"end":{"line":30,"column":12}},{"start":{"line":30,"column":16},"end":{"line":30,"column":57}}],"line":30}},"s":{"0":514,"1":3},"f":{"0":514},"b":{"0":[424],"1":[514,514],"2":[514,19],"3":[514,19]},"_coverageSchema":"1a1c01bbd47fc00a2c39e90264f33305004495a9","hash":"3d683f64b62a4290af614f5460c80e56f42668fa"}
,"E:\\footprint-mobile-app\\client\\footprint-mobile\\src\\components\\PrimaryButton.js": {"path":"E:\\footprint-mobile-app\\client\\footprint-mobile\\src\\components\\PrimaryButton.js","statementMap":{"0":{"start":{"line":6,"column":2},"end":{"line":10,"column":4}},"1":{"start":{"line":13,"column":15},"end":{"line":28,"column":2}}},"fnMap":{"0":{"name":"PrimaryButton","decl":{"start":{"line":5,"column":24},"end":{"line":5,"column":37}},"loc":{"start":{"line":5,"column":58},"end":{"line":11,"column":1}},"line":5}},"branchMap":{},"s":{"0":126,"1":3},"f":{"0":126},"b":{},"_coverageSchema":"1a1c01bbd47fc00a2c39e90264f33305004495a9","hash":"cd114df419cb94e077116d2226b3f85e1fac81ea"}
,"E:\\footprint-mobile-app\\client\\footprint-mobile\\src\\constants\\colours.js": {"path":"E:\\footprint-mobile-app\\client\\footprint-mobile\\src\\constants\\colours.js","statementMap":{"0":{"start":{"line":1,"column":16},"end":{"line":12,"column":1}}},"fnMap":{},"branchMap":{},"s":{"0":3},"f":{},"b":{},"_coverageSchema":"1a1c01bbd47fc00a2c39e90264f33305004495a9","hash":"4eb7d5497b8db96663785aa4111d383275149777"}
,"E:\\footprint-mobile-app\\client\\footprint-mobile\\src\\models\\User.js": {"path":"E:\\footprint-mobile-app\\client\\footprint-mobile\\src\\models\\User.js","statementMap":{"0":{"start":{"line":3,"column":4},"end":{"line":3,"column":17}},"1":{"start":{"line":4,"column":4},"end":{"line":4,"column":29}},"2":{"start":{"line":5,"column":4},"end":{"line":5,"column":23}},"3":{"start":{"line":6,"column":4},"end":{"line":6,"column":29}},"4":{"start":{"line":7,"column":4},"end":{"line":7,"column":37}}},"fnMap":{"0":{"name":"(anonymous_0)","decl":{"start":{"line":2,"column":2},"end":{"line":2,"column":3}},"loc":{"start":{"line":2,"column":59},"end":{"line":8,"column":3}},"line":2}},"branchMap":{},"s":{"0":4,"1":4,"2":4,"3":4,"4":4},"f":{"0":4},"b":{},"_coverageSchema":"1a1c01bbd47fc00a2c39e90264f33305004495a9","hash":"bd67bfbbe1f87f8a49d4fcd1d0689eca51ab92ff"}
,"E:\\footprint-mobile-app\\client\\footprint-mobile\\src\\screens\\EditProfileScreen.js": {"path":"E:\\footprint-mobile-app\\client\\footprint-mobile\\src\\screens\\EditProfileScreen.js","statementMap":{"0":{"start":{"line":18,"column":28},"end":{"line":18,"column":49}},"1":{"start":{"line":19,"column":24},"end":{"line":19,"column":51}},"2":{"start":{"line":21,"column":26},"end":{"line":28,"column":4}},"3":{"start":{"line":30,"column":48},"end":{"line":34,"column":4}},"4":{"start":{"line":36,"column":46},"end":{"line":36,"column":60}},"5":{"start":{"line":37,"column":32},"end":{"line":37,"column":47}},"6":{"start":{"line":38,"column":40},"end":{"line":38,"column":52}},"7":{"start":{"line":39,"column":30},"end":{"line":39,"column":42}},"8":{"start":{"line":40,"column":46},"end":{"line":40,"column":58}},"9":{"start":{"line":42,"column":2},"end":{"line":67,"column":9}},"10":{"start":{"line":44,"column":6},"end":{"line":63,"column":7}},"11":{"start":{"line":45,"column":21},"end":{"line":45,"column":39}},"12":{"start":{"line":47,"column":28},"end":{"line":51,"column":9}},"13":{"start":{"line":53,"column":8},"end":{"line":56,"column":12}},"14":{"start":{"line":53,"column":27},"end":{"line":56,"column":9}},"15":{"start":{"line":58,"column":8},"end":{"line":58,"column":40}},"16":{"start":{"line":60,"column":8},"end":{"line":60,"column":38}},"17":{"start":{"line":62,"column":8},"end":{"line":62,"column":33}},"18":{"start":{"line":66,"column":4},"end":{"line":66,"column":18}},"19":{"start":{"line":70,"column":4},"end":{"line":70,"column":38}},"20":{"start":{"line":74,"column":23},"end":{"line":74,"column":25}},"21":{"start":{"line":76,"column":4},"end":{"line":78,"column":5}},"22":{"start":{"line":77,"column":6},"end":{"line":77,"column":52}},"23":{"start":{"line":80,"column":4},"end":{"line":84,"column":5}},"24":{"start":{"line":81,"column":6},"end":{"line":81,"column":46}},"25":{"start":{"line":82,"column":11},"end":{"line":84,"column":5}},"26":{"start":{"line":83,"column":6},"end":{"line":83,"column":56}},"27":{"start":{"line":86,"column":4},"end":{"line":88,"column":5}},"28":{"start":{"line":87,"column":6},"end":{"line":87,"column":60}},"29":{"start":{"line":91,"column":6},"end":{"line":91,"column":70}},"30":{"start":{"line":93,"column":4},"end":{"line":109,"column":5}},"31":{"start":{"line":94,"column":6},"end":{"line":96,"column":7}},"32":{"start":{"line":95,"column":8},"end":{"line":95,"column":69}},"33":{"start":{"line":98,"column":6},"end":{"line":102,"column":7}},"34":{"start":{"line":99,"column":8},"end":{"line":99,"column":61}},"35":{"start":{"line":100,"column":13},"end":{"line":102,"column":7}},"36":{"start":{"line":101,"column":8},"end":{"line":101,"column":79}},"37":{"start":{"line":104,"column":6},"end":{"line":108,"column":7}},"38":{"start":{"line":105,"column":8},"end":{"line":105,"column":73}},"39":{"start":{"line":106,"column":13},"end":{"line":108,"column":7}},"40":{"start":{"line":107,"column":8},"end":{"line":107,"column":63}},"41":{"start":{"line":111,"column":4},"end":{"line":111,"column":26}},"42":{"start":{"line":112,"column":4},"end":{"line":112,"column":48}},"43":{"start":{"line":116,"column":4},"end":{"line":116,"column":26}},"44":{"start":{"line":117,"column":4},"end":{"line":117,"column":23}},"45":{"start":{"line":119,"column":4},"end":{"line":119,"column":32}},"46":{"start":{"line":119,"column":25},"end":{"line":119,"column":32}},"47":{"start":{"line":121,"column":20},"end":{"line":121,"column":22}},"48":{"start":{"line":123,"column":4},"end":{"line":125,"column":5}},"49":{"start":{"line":124,"column":6},"end":{"line":124,"column":46}},"50":{"start":{"line":127,"column":4},"end":{"line":129,"column":5}},"51":{"start":{"line":128,"column":6},"end":{"line":128,"column":40}},"52":{"start":{"line":131,"column":4},"end":{"line":133,"column":5}},"53":{"start":{"line":132,"column":6},"end":{"line":132,"column":54}},"54":{"start":{"line":135,"column":4},"end":{"line":137,"column":5}},"55":{"start":{"line":136,"column":6},"end":{"line":136,"column":49}},"56":{"start":{"line":139,"column":4},"end":{"line":142,"column":5}},"57":{"start":{"line":140,"column":6},"end":{"line":140,"column":44}},"58":{"start":{"line":141,"column":6},"end":{"line":141,"column":13}},"59":{"start":{"line":144,"column":4},"end":{"line":173,"column":5}},"60":{"start":{"line":145,"column":6},"end":{"line":145,"column":23}},"61":{"start":{"line":146,"column":6},"end":{"line":146,"column":35}},"62":{"start":{"line":148,"column":6},"end":{"line":148,"column":57}},"63":{"start":{"line":150,"column":29},"end":{"line":154,"column":7}},"64":{"start":{"line":156,"column":6},"end":{"line":156,"column":41}},"65":{"start":{"line":158,"column":6},"end":{"line":164,"column":10}},"66":{"start":{"line":158,"column":25},"end":{"line":164,"column":7}},"67":{"start":{"line":166,"column":6},"end":{"line":168,"column":14}},"68":{"start":{"line":167,"column":8},"end":{"line":167,"column":35}},"69":{"start":{"line":170,"column":6},"end":{"line":170,"column":36}},"70":{"start":{"line":172,"column":6},"end":{"line":172,"column":24}},"71":{"start":{"line":177,"column":4},"end":{"line":177,"column":31}},"72":{"start":{"line":181,"column":4},"end":{"line":181,"column":42}},"73":{"start":{"line":184,"column":2},"end":{"line":190,"column":3}},"74":{"start":{"line":185,"column":4},"end":{"line":189,"column":6}},"75":{"start":{"line":192,"column":2},"end":{"line":374,"column":4}},"76":{"start":{"line":265,"column":20},"end":{"line":265,"column":68}},"77":{"start":{"line":265,"column":39},"end":{"line":265,"column":66}},"78":{"start":{"line":277,"column":20},"end":{"line":277,"column":72}},"79":{"start":{"line":277,"column":39},"end":{"line":277,"column":70}},"80":{"start":{"line":290,"column":16},"end":{"line":290,"column":61}},"81":{"start":{"line":290,"column":35},"end":{"line":290,"column":59}},"82":{"start":{"line":313,"column":20},"end":{"line":313,"column":75}},"83":{"start":{"line":313,"column":39},"end":{"line":313,"column":73}},"84":{"start":{"line":326,"column":20},"end":{"line":326,"column":71}},"85":{"start":{"line":326,"column":39},"end":{"line":326,"column":69}},"86":{"start":{"line":339,"column":16},"end":{"line":339,"column":71}},"87":{"start":{"line":339,"column":35},"end":{"line":339,"column":69}},"88":{"start":{"line":377,"column":15},"end":{"line":596,"column":2}}},"fnMap":{"0":{"name":"EditProfileScreen","decl":{"start":{"line":17,"column":24},"end":{"line":17,"column":41}},"loc":{"start":{"line":17,"column":44},"end":{"line":375,"column":1}},"line":17},"1":{"name":"(anonymous_1)","decl":{"start":{"line":42,"column":12},"end":{"line":42,"column":13}},"loc":{"start":{"line":42,"column":18},"end":{"line":67,"column":3}},"line":42},"2":{"name":"loadProfile","decl":{"start":{"line":43,"column":19},"end":{"line":43,"column":30}},"loc":{"start":{"line":43,"column":33},"end":{"line":64,"column":5}},"line":43},"3":{"name":"(anonymous_3)","decl":{"start":{"line":53,"column":16},"end":{"line":53,"column":17}},"loc":{"start":{"line":53,"column":27},"end":{"line":56,"column":9}},"line":53},"4":{"name":"validateEmail","decl":{"start":{"line":69,"column":11},"end":{"line":69,"column":24}},"loc":{"start":{"line":69,"column":32},"end":{"line":71,"column":3}},"line":69},"5":{"name":"validateForm","decl":{"start":{"line":73,"column":11},"end":{"line":73,"column":23}},"loc":{"start":{"line":73,"column":26},"end":{"line":113,"column":3}},"line":73},"6":{"name":"handleSave","decl":{"start":{"line":115,"column":17},"end":{"line":115,"column":27}},"loc":{"start":{"line":115,"column":30},"end":{"line":174,"column":3}},"line":115},"7":{"name":"(anonymous_7)","decl":{"start":{"line":158,"column":14},"end":{"line":158,"column":15}},"loc":{"start":{"line":158,"column":25},"end":{"line":164,"column":7}},"line":158},"8":{"name":"(anonymous_8)","decl":{"start":{"line":166,"column":17},"end":{"line":166,"column":18}},"loc":{"start":{"line":166,"column":23},"end":{"line":168,"column":7}},"line":166},"9":{"name":"handleCancel","decl":{"start":{"line":176,"column":11},"end":{"line":176,"column":23}},"loc":{"start":{"line":176,"column":26},"end":{"line":178,"column":3}},"line":176},"10":{"name":"handleChangePhoto","decl":{"start":{"line":180,"column":11},"end":{"line":180,"column":28}},"loc":{"start":{"line":180,"column":31},"end":{"line":182,"column":3}},"line":180},"11":{"name":"(anonymous_11)","decl":{"start":{"line":264,"column":32},"end":{"line":264,"column":33}},"loc":{"start":{"line":265,"column":20},"end":{"line":265,"column":68}},"line":265},"12":{"name":"(anonymous_12)","decl":{"start":{"line":265,"column":28},"end":{"line":265,"column":29}},"loc":{"start":{"line":265,"column":39},"end":{"line":265,"column":66}},"line":265},"13":{"name":"(anonymous_13)","decl":{"start":{"line":276,"column":32},"end":{"line":276,"column":33}},"loc":{"start":{"line":277,"column":20},"end":{"line":277,"column":72}},"line":277},"14":{"name":"(anonymous_14)","decl":{"start":{"line":277,"column":28},"end":{"line":277,"column":29}},"loc":{"start":{"line":277,"column":39},"end":{"line":277,"column":70}},"line":277},"15":{"name":"(anonymous_15)","decl":{"start":{"line":289,"column":28},"end":{"line":289,"column":29}},"loc":{"start":{"line":290,"column":16},"end":{"line":290,"column":61}},"line":290},"16":{"name":"(anonymous_16)","decl":{"start":{"line":290,"column":24},"end":{"line":290,"column":25}},"loc":{"start":{"line":290,"column":35},"end":{"line":290,"column":59}},"line":290},"17":{"name":"(anonymous_17)","decl":{"start":{"line":312,"column":32},"end":{"line":312,"column":33}},"loc":{"start":{"line":313,"column":20},"end":{"line":313,"column":75}},"line":313},"18":{"name":"(anonymous_18)","decl":{"start":{"line":313,"column":28},"end":{"line":313,"column":29}},"loc":{"start":{"line":313,"column":39},"end":{"line":313,"column":73}},"line":313},"19":{"name":"(anonymous_19)","decl":{"start":{"line":325,"column":32},"end":{"line":325,"column":33}},"loc":{"start":{"line":326,"column":20},"end":{"line":326,"column":71}},"line":326},"20":{"name":"(anonymous_20)","decl":{"start":{"line":326,"column":28},"end":{"line":326,"column":29}},"loc":{"start":{"line":326,"column":39},"end":{"line":326,"column":69}},"line":326},"21":{"name":"(anonymous_21)","decl":{"start":{"line":338,"column":28},"end":{"line":338,"column":29}},"loc":{"start":{"line":339,"column":16},"end":{"line":339,"column":71}},"line":339},"22":{"name":"(anonymous_22)","decl":{"start":{"line":339,"column":24},"end":{"line":339,"column":25}},"loc":{"start":{"line":339,"column":35},"end":{"line":339,"column":69}},"line":339}},"branchMap":{"0":{"loc":{"start":{"line":19,"column":24},"end":{"line":19,"column":51}},"type":"binary-expr","locations":[{"start":{"line":19,"column":24},"end":{"line":19,"column":35}},{"start":{"line":19,"column":39},"end":{"line":19,"column":51}}],"line":19},"1":{"loc":{"start":{"line":48,"column":20},"end":{"line":48,"column":39}},"type":"binary-expr","locations":[{"start":{"line":48,"column":20},"end":{"line":48,"column":33}},{"start":{"line":48,"column":37},"end":{"line":48,"column":39}}],"line":48},"2":{"loc":{"start":{"line":49,"column":17},"end":{"line":49,"column":33}},"type":"binary-expr","locations":[{"start":{"line":49,"column":17},"end":{"line":49,"column":27}},{"start":{"line":49,"column":31},"end":{"line":49,"column":33}}],"line":49},"3":{"loc":{"start":{"line":50,"column":24},"end":{"line":50,"column":47}},"type":"binary-expr","locations":[{"start":{"line":50,"column":24},"end":{"line":50,"column":41}},{"start":{"line":50,"column":45},"end":{"line":50,"column":47}}],"line":50},"4":{"loc":{"start":{"line":76,"column":4},"end":{"line":78,"column":5}},"type":"if","locations":[{"start":{"line":76,"column":4},"end":{"line":78,"column":5}},{"start":{},"end":{}}],"line":76},"5":{"loc":{"start":{"line":80,"column":4},"end":{"line":84,"column":5}},"type":"if","locations":[{"start":{"line":80,"column":4},"end":{"line":84,"column":5}},{"start":{"line":82,"column":11},"end":{"line":84,"column":5}}],"line":80},"6":{"loc":{"start":{"line":82,"column":11},"end":{"line":84,"column":5}},"type":"if","locations":[{"start":{"line":82,"column":11},"end":{"line":84,"column":5}},{"start":{},"end":{}}],"line":82},"7":{"loc":{"start":{"line":86,"column":4},"end":{"line":88,"column":5}},"type":"if","locations":[{"start":{"line":86,"column":4},"end":{"line":88,"column":5}},{"start":{},"end":{}}],"line":86},"8":{"loc":{"start":{"line":91,"column":6},"end":{"line":91,"column":70}},"type":"binary-expr","locations":[{"start":{"line":91,"column":6},"end":{"line":91,"column":26}},{"start":{"line":91,"column":30},"end":{"line":91,"column":46}},{"start":{"line":91,"column":50},"end":{"line":91,"column":70}}],"line":91},"9":{"loc":{"start":{"line":93,"column":4},"end":{"line":109,"column":5}},"type":"if","locations":[{"start":{"line":93,"column":4},"end":{"line":109,"column":5}},{"start":{},"end":{}}],"line":93},"10":{"loc":{"start":{"line":94,"column":6},"end":{"line":96,"column":7}},"type":"if","locations":[{"start":{"line":94,"column":6},"end":{"line":96,"column":7}},{"start":{},"end":{}}],"line":94},"11":{"loc":{"start":{"line":98,"column":6},"end":{"line":102,"column":7}},"type":"if","locations":[{"start":{"line":98,"column":6},"end":{"line":102,"column":7}},{"start":{"line":100,"column":13},"end":{"line":102,"column":7}}],"line":98},"12":{"loc":{"start":{"line":100,"column":13},"end":{"line":102,"column":7}},"type":"if","locations":[{"start":{"line":100,"column":13},"end":{"line":102,"column":7}},{"start":{},"end":{}}],"line":100},"13":{"loc":{"start":{"line":104,"column":6},"end":{"line":108,"column":7}},"type":"if","locations":[{"start":{"line":104,"column":6},"end":{"line":108,"column":7}},{"start":{"line":106,"column":13},"end":{"line":108,"column":7}}],"line":104},"14":{"loc":{"start":{"line":106,"column":13},"end":{"line":108,"column":7}},"type":"if","locations":[{"start":{"line":106,"column":13},"end":{"line":108,"column":7}},{"start":{},"end":{}}],"line":106},"15":{"loc":{"start":{"line":119,"column":4},"end":{"line":119,"column":32}},"type":"if","locations":[{"start":{"line":119,"column":4},"end":{"line":119,"column":32}},{"start":{},"end":{}}],"line":119},"16":{"loc":{"start":{"line":123,"column":4},"end":{"line":125,"column":5}},"type":"if","locations":[{"start":{"line":123,"column":4},"end":{"line":125,"column":5}},{"start":{},"end":{}}],"line":123},"17":{"loc":{"start":{"line":127,"column":4},"end":{"line":129,"column":5}},"type":"if","locations":[{"start":{"line":127,"column":4},"end":{"line":129,"column":5}},{"start":{},"end":{}}],"line":127},"18":{"loc":{"start":{"line":131,"column":4},"end":{"line":133,"column":5}},"type":"if","locations":[{"start":{"line":131,"column":4},"end":{"line":133,"column":5}},{"start":{},"end":{}}],"line":131},"19":{"loc":{"start":{"line":135,"column":4},"end":{"line":137,"column":5}},"type":"if","locations":[{"start":{"line":135,"column":4},"end":{"line":137,"column":5}},{"start":{},"end":{}}],"line":135},"20":{"loc":{"start":{"line":139,"column":4},"end":{"line":142,"column":5}},"type":"if","locations":[{"start":{"line":139,"column":4},"end":{"line":142,"column":5}},{"start":{},"end":{}}],"line":139},"21":{"loc":{"start":{"line":151,"column":18},"end":{"line":151,"column":62}},"type":"binary-expr","locations":[{"start":{"line":151,"column":18},"end":{"line":151,"column":34}},{"start":{"line":151,"column":38},"end":{"line":151,"column":62}}],"line":151},"22":{"loc":{"start":{"line":152,"column":15},"end":{"line":152,"column":53}},"type":"binary-expr","locations":[{"start":{"line":152,"column":15},"end":{"line":152,"column":28}},{"start":{"line":152,"column":32},"end":{"line":152,"column":53}}],"line":152},"23":{"loc":{"start":{"line":153,"column":22},"end":{"line":153,"column":74}},"type":"binary-expr","locations":[{"start":{"line":153,"column":22},"end":{"line":153,"column":42}},{"start":{"line":153,"column":46},"end":{"line":153,"column":74}}],"line":153},"24":{"loc":{"start":{"line":184,"column":2},"end":{"line":190,"column":3}},"type":"if","locations":[{"start":{"line":184,"column":2},"end":{"line":190,"column":3}},{"start":{},"end":{}}],"line":184},"25":{"loc":{"start":{"line":198,"column":29},"end":{"line":198,"column":52}},"type":"cond-expr","locations":[{"start":{"line":198,"column":45},"end":{"line":198,"column":47}},{"start":{"line":198,"column":50},"end":{"line":198,"column":52}}],"line":198},"26":{"loc":{"start":{"line":199,"column":22},"end":{"line":199,"column":45}},"type":"cond-expr","locations":[{"start":{"line":199,"column":38},"end":{"line":199,"column":40}},{"start":{"line":199,"column":43},"end":{"line":199,"column":45}}],"line":199},"27":{"loc":{"start":{"line":200,"column":25},"end":{"line":200,"column":48}},"type":"cond-expr","locations":[{"start":{"line":200,"column":41},"end":{"line":200,"column":43}},{"start":{"line":200,"column":46},"end":{"line":200,"column":48}}],"line":200},"28":{"loc":{"start":{"line":216,"column":26},"end":{"line":216,"column":49}},"type":"cond-expr","locations":[{"start":{"line":216,"column":42},"end":{"line":216,"column":44}},{"start":{"line":216,"column":47},"end":{"line":216,"column":49}}],"line":216},"29":{"loc":{"start":{"line":217,"column":28},"end":{"line":217,"column":51}},"type":"cond-expr","locations":[{"start":{"line":217,"column":44},"end":{"line":217,"column":46}},{"start":{"line":217,"column":49},"end":{"line":217,"column":51}}],"line":217},"30":{"loc":{"start":{"line":347,"column":11},"end":{"line":351,"column":18}},"type":"cond-expr","locations":[{"start":{"line":348,"column":12},"end":{"line":350,"column":19}},{"start":{"line":351,"column":14},"end":{"line":351,"column":18}}],"line":347},"31":{"loc":{"start":{"line":353,"column":11},"end":{"line":357,"column":18}},"type":"cond-expr","locations":[{"start":{"line":354,"column":12},"end":{"line":356,"column":19}},{"start":{"line":357,"column":14},"end":{"line":357,"column":18}}],"line":353},"32":{"loc":{"start":{"line":362,"column":23},"end":{"line":362,"column":61}},"type":"cond-expr","locations":[{"start":{"line":362,"column":33},"end":{"line":362,"column":44}},{"start":{"line":362,"column":47},"end":{"line":362,"column":61}}],"line":362}},"s":{"0":54,"1":54,"2":54,"3":54,"4":54,"5":54,"6":54,"7":54,"8":54,"9":54,"10":13,"11":13,"12":12,"13":12,"14":12,"15":12,"16":1,"17":13,"18":13,"19":8,"20":9,"21":9,"22":1,"23":9,"24":1,"25":8,"26":1,"27":9,"28":1,"29":9,"30":9,"31":4,"32":1,"33":4,"34":0,"35":4,"36":1,"37":4,"38":1,"39":3,"40":1,"41":9,"42":9,"43":9,"44":9,"45":9,"46":5,"47":4,"48":4,"49":2,"50":4,"51":0,"52":4,"53":0,"54":4,"55":1,"56":4,"57":1,"58":1,"59":3,"60":3,"61":3,"62":2,"63":2,"64":2,"65":2,"66":2,"67":2,"68":0,"69":1,"70":3,"71":2,"72":0,"73":54,"74":13,"75":41,"76":3,"77":3,"78":1,"79":1,"80":2,"81":2,"82":3,"83":3,"84":4,"85":4,"86":3,"87":3,"88":1},"f":{"0":54,"1":13,"2":13,"3":12,"4":8,"5":9,"6":9,"7":2,"8":0,"9":2,"10":0,"11":3,"12":3,"13":1,"14":1,"15":2,"16":2,"17":3,"18":3,"19":4,"20":4,"21":3,"22":3},"b":{"0":[54,54],"1":[12,0],"2":[12,0],"3":[12,0],"4":[1,8],"5":[1,8],"6":[1,7],"7":[1,8],"8":[9,6,5],"9":[4,5],"10":[1,3],"11":[0,4],"12":[1,3],"13":[1,3],"14":[1,2],"15":[5,4],"16":[2,2],"17":[0,4],"18":[0,4],"19":[1,3],"20":[1,3],"21":[2,1],"22":[2,2],"23":[2,2],"24":[13,41],"25":[0,41],"26":[0,41],"27":[0,41],"28":[0,41],"29":[0,41],"30":[3,38],"31":[2,39],"32":[3,38]},"_coverageSchema":"1a1c01bbd47fc00a2c39e90264f33305004495a9","hash":"1d88c83b1bd19cd44ff6b75a4c3212f5c4328298"}
,"E:\\footprint-mobile-app\\client\\footprint-mobile\\src\\screens\\LoginScreen.js": {"path":"E:\\footprint-mobile-app\\client\\footprint-mobile\\src\\screens\\LoginScreen.js","statementMap":{"0":{"start":{"line":12,"column":17},"end":{"line":12,"column":28}},"1":{"start":{"line":13,"column":21},"end":{"line":13,"column":30}},"2":{"start":{"line":15,"column":26},"end":{"line":15,"column":63}},"3":{"start":{"line":16,"column":30},"end":{"line":16,"column":42}},"4":{"start":{"line":17,"column":40},"end":{"line":17,"column":52}},"5":{"start":{"line":18,"column":32},"end":{"line":18,"column":47}},"6":{"start":{"line":21,"column":23},"end":{"line":21,"column":25}},"7":{"start":{"line":23,"column":4},"end":{"line":27,"column":5}},"8":{"start":{"line":24,"column":6},"end":{"line":24,"column":46}},"9":{"start":{"line":25,"column":11},"end":{"line":27,"column":5}},"10":{"start":{"line":26,"column":6},"end":{"line":26,"column":56}},"11":{"start":{"line":29,"column":4},"end":{"line":33,"column":5}},"12":{"start":{"line":30,"column":6},"end":{"line":30,"column":52}},"13":{"start":{"line":31,"column":11},"end":{"line":33,"column":5}},"14":{"start":{"line":32,"column":6},"end":{"line":32,"column":70}},"15":{"start":{"line":35,"column":4},"end":{"line":35,"column":26}},"16":{"start":{"line":36,"column":4},"end":{"line":36,"column":48}},"17":{"start":{"line":40,"column":4},"end":{"line":40,"column":23}},"18":{"start":{"line":41,"column":4},"end":{"line":41,"column":32}},"19":{"start":{"line":41,"column":25},"end":{"line":41,"column":32}},"20":{"start":{"line":43,"column":4},"end":{"line":52,"column":5}},"21":{"start":{"line":44,"column":6},"end":{"line":44,"column":23}},"22":{"start":{"line":45,"column":19},"end":{"line":45,"column":68}},"23":{"start":{"line":46,"column":6},"end":{"line":46,"column":31}},"24":{"start":{"line":47,"column":6},"end":{"line":47,"column":35}},"25":{"start":{"line":49,"column":6},"end":{"line":49,"column":36}},"26":{"start":{"line":51,"column":6},"end":{"line":51,"column":24}},"27":{"start":{"line":55,"column":2},"end":{"line":106,"column":4}},"28":{"start":{"line":73,"column":34},"end":{"line":73,"column":79}},"29":{"start":{"line":73,"column":53},"end":{"line":73,"column":77}},"30":{"start":{"line":82,"column":12},"end":{"line":82,"column":60}},"31":{"start":{"line":82,"column":31},"end":{"line":82,"column":58}},"32":{"start":{"line":109,"column":15},"end":{"line":162,"column":2}}},"fnMap":{"0":{"name":"LoginScreen","decl":{"start":{"line":11,"column":24},"end":{"line":11,"column":35}},"loc":{"start":{"line":11,"column":38},"end":{"line":107,"column":1}},"line":11},"1":{"name":"validateForm","decl":{"start":{"line":20,"column":11},"end":{"line":20,"column":23}},"loc":{"start":{"line":20,"column":26},"end":{"line":37,"column":3}},"line":20},"2":{"name":"handleLogin","decl":{"start":{"line":39,"column":17},"end":{"line":39,"column":28}},"loc":{"start":{"line":39,"column":31},"end":{"line":53,"column":3}},"line":39},"3":{"name":"(anonymous_3)","decl":{"start":{"line":73,"column":24},"end":{"line":73,"column":25}},"loc":{"start":{"line":73,"column":34},"end":{"line":73,"column":79}},"line":73},"4":{"name":"(anonymous_4)","decl":{"start":{"line":73,"column":42},"end":{"line":73,"column":43}},"loc":{"start":{"line":73,"column":53},"end":{"line":73,"column":77}},"line":73},"5":{"name":"(anonymous_5)","decl":{"start":{"line":81,"column":24},"end":{"line":81,"column":25}},"loc":{"start":{"line":82,"column":12},"end":{"line":82,"column":60}},"line":82},"6":{"name":"(anonymous_6)","decl":{"start":{"line":82,"column":20},"end":{"line":82,"column":21}},"loc":{"start":{"line":82,"column":31},"end":{"line":82,"column":58}},"line":82}},"branchMap":{"0":{"loc":{"start":{"line":23,"column":4},"end":{"line":27,"column":5}},"type":"if","locations":[{"start":{"line":23,"column":4},"end":{"line":27,"column":5}},{"start":{"line":25,"column":11},"end":{"line":27,"column":5}}],"line":23},"1":{"loc":{"start":{"line":25,"column":11},"end":{"line":27,"column":5}},"type":"if","locations":[{"start":{"line":25,"column":11},"end":{"line":27,"column":5}},{"start":{},"end":{}}],"line":25},"2":{"loc":{"start":{"line":29,"column":4},"end":{"line":33,"column":5}},"type":"if","locations":[{"start":{"line":29,"column":4},"end":{"line":33,"column":5}},{"start":{"line":31,"column":11},"end":{"line":33,"column":5}}],"line":29},"3":{"loc":{"start":{"line":31,"column":11},"end":{"line":33,"column":5}},"type":"if","locations":[{"start":{"line":31,"column":11},"end":{"line":33,"column":5}},{"start":{},"end":{}}],"line":31},"4":{"loc":{"start":{"line":41,"column":4},"end":{"line":41,"column":32}},"type":"if","locations":[{"start":{"line":41,"column":4},"end":{"line":41,"column":32}},{"start":{},"end":{}}],"line":41},"5":{"loc":{"start":{"line":89,"column":9},"end":{"line":91,"column":16}},"type":"cond-expr","locations":[{"start":{"line":90,"column":10},"end":{"line":90,"column":63}},{"start":{"line":91,"column":12},"end":{"line":91,"column":16}}],"line":89},"6":{"loc":{"start":{"line":94,"column":17},"end":{"line":94,"column":53}},"type":"cond-expr","locations":[{"start":{"line":94,"column":27},"end":{"line":94,"column":42}},{"start":{"line":94,"column":45},"end":{"line":94,"column":53}}],"line":94}},"s":{"0":36,"1":36,"2":36,"3":36,"4":36,"5":36,"6":8,"7":8,"8":1,"9":7,"10":1,"11":8,"12":1,"13":7,"14":1,"15":8,"16":8,"17":8,"18":8,"19":3,"20":5,"21":5,"22":5,"23":4,"24":4,"25":1,"26":5,"27":36,"28":7,"29":7,"30":7,"31":7,"32":1},"f":{"0":36,"1":8,"2":8,"3":7,"4":7,"5":7,"6":7},"b":{"0":[1,7],"1":[1,6],"2":[1,7],"3":[1,6],"4":[3,5],"5":[1,35],"6":[5,31]},"_coverageSchema":"1a1c01bbd47fc00a2c39e90264f33305004495a9","hash":"6b7c775e1056a5215920a212b44343f8e559358a"}
,"E:\\footprint-mobile-app\\client\\footprint-mobile\\src\\screens\\RegisterScreen.js": {"path":"E:\\footprint-mobile-app\\client\\footprint-mobile\\src\\screens\\RegisterScreen.js","statementMap":{"0":{"start":{"line":12,"column":17},"end":{"line":12,"column":28}},"1":{"start":{"line":13,"column":26},"end":{"line":18,"column":4}},"2":{"start":{"line":20,"column":30},"end":{"line":20,"column":42}},"3":{"start":{"line":21,"column":40},"end":{"line":21,"column":52}},"4":{"start":{"line":22,"column":46},"end":{"line":22,"column":58}},"5":{"start":{"line":23,"column":32},"end":{"line":23,"column":47}},"6":{"start":{"line":26,"column":4},"end":{"line":26,"column":38}},"7":{"start":{"line":30,"column":23},"end":{"line":30,"column":25}},"8":{"start":{"line":32,"column":4},"end":{"line":36,"column":5}},"9":{"start":{"line":33,"column":6},"end":{"line":33,"column":52}},"10":{"start":{"line":34,"column":11},"end":{"line":36,"column":5}},"11":{"start":{"line":35,"column":6},"end":{"line":35,"column":70}},"12":{"start":{"line":38,"column":4},"end":{"line":42,"column":5}},"13":{"start":{"line":39,"column":6},"end":{"line":39,"column":46}},"14":{"start":{"line":40,"column":11},"end":{"line":42,"column":5}},"15":{"start":{"line":41,"column":6},"end":{"line":41,"column":56}},"16":{"start":{"line":44,"column":4},"end":{"line":48,"column":5}},"17":{"start":{"line":45,"column":6},"end":{"line":45,"column":52}},"18":{"start":{"line":46,"column":11},"end":{"line":48,"column":5}},"19":{"start":{"line":47,"column":6},"end":{"line":47,"column":70}},"20":{"start":{"line":50,"column":4},"end":{"line":52,"column":5}},"21":{"start":{"line":51,"column":6},"end":{"line":51,"column":60}},"22":{"start":{"line":54,"column":4},"end":{"line":54,"column":26}},"23":{"start":{"line":55,"column":4},"end":{"line":55,"column":48}},"24":{"start":{"line":59,"column":4},"end":{"line":59,"column":23}},"25":{"start":{"line":60,"column":4},"end":{"line":60,"column":26}},"26":{"start":{"line":62,"column":4},"end":{"line":62,"column":32}},"27":{"start":{"line":62,"column":25},"end":{"line":62,"column":32}},"28":{"start":{"line":64,"column":20},"end":{"line":70,"column":5}},"29":{"start":{"line":72,"column":4},"end":{"line":86,"column":5}},"30":{"start":{"line":73,"column":6},"end":{"line":73,"column":23}},"31":{"start":{"line":75,"column":19},"end":{"line":75,"column":46}},"32":{"start":{"line":77,"column":6},"end":{"line":77,"column":57}},"33":{"start":{"line":78,"column":6},"end":{"line":78,"column":46}},"34":{"start":{"line":79,"column":6},"end":{"line":81,"column":15}},"35":{"start":{"line":80,"column":8},"end":{"line":80,"column":33}},"36":{"start":{"line":83,"column":6},"end":{"line":83,"column":36}},"37":{"start":{"line":85,"column":6},"end":{"line":85,"column":24}},"38":{"start":{"line":89,"column":2},"end":{"line":166,"column":4}},"39":{"start":{"line":108,"column":12},"end":{"line":108,"column":60}},"40":{"start":{"line":108,"column":31},"end":{"line":108,"column":58}},"41":{"start":{"line":117,"column":34},"end":{"line":117,"column":79}},"42":{"start":{"line":117,"column":53},"end":{"line":117,"column":77}},"43":{"start":{"line":127,"column":12},"end":{"line":127,"column":60}},"44":{"start":{"line":127,"column":31},"end":{"line":127,"column":58}},"45":{"start":{"line":138,"column":12},"end":{"line":138,"column":64}},"46":{"start":{"line":138,"column":31},"end":{"line":138,"column":62}},"47":{"start":{"line":169,"column":15},"end":{"line":249,"column":2}}},"fnMap":{"0":{"name":"RegisterScreen","decl":{"start":{"line":11,"column":24},"end":{"line":11,"column":38}},"loc":{"start":{"line":11,"column":41},"end":{"line":167,"column":1}},"line":11},"1":{"name":"validateEmail","decl":{"start":{"line":25,"column":11},"end":{"line":25,"column":24}},"loc":{"start":{"line":25,"column":32},"end":{"line":27,"column":3}},"line":25},"2":{"name":"validateForm","decl":{"start":{"line":29,"column":11},"end":{"line":29,"column":23}},"loc":{"start":{"line":29,"column":26},"end":{"line":56,"column":3}},"line":29},"3":{"name":"handleRegister","decl":{"start":{"line":58,"column":17},"end":{"line":58,"column":31}},"loc":{"start":{"line":58,"column":34},"end":{"line":87,"column":3}},"line":58},"4":{"name":"(anonymous_4)","decl":{"start":{"line":79,"column":17},"end":{"line":79,"column":18}},"loc":{"start":{"line":79,"column":23},"end":{"line":81,"column":7}},"line":79},"5":{"name":"(anonymous_5)","decl":{"start":{"line":107,"column":24},"end":{"line":107,"column":25}},"loc":{"start":{"line":108,"column":12},"end":{"line":108,"column":60}},"line":108},"6":{"name":"(anonymous_6)","decl":{"start":{"line":108,"column":20},"end":{"line":108,"column":21}},"loc":{"start":{"line":108,"column":31},"end":{"line":108,"column":58}},"line":108},"7":{"name":"(anonymous_7)","decl":{"start":{"line":117,"column":24},"end":{"line":117,"column":25}},"loc":{"start":{"line":117,"column":34},"end":{"line":117,"column":79}},"line":117},"8":{"name":"(anonymous_8)","decl":{"start":{"line":117,"column":42},"end":{"line":117,"column":43}},"loc":{"start":{"line":117,"column":53},"end":{"line":117,"column":77}},"line":117},"9":{"name":"(anonymous_9)","decl":{"start":{"line":126,"column":24},"end":{"line":126,"column":25}},"loc":{"start":{"line":127,"column":12},"end":{"line":127,"column":60}},"line":127},"10":{"name":"(anonymous_10)","decl":{"start":{"line":127,"column":20},"end":{"line":127,"column":21}},"loc":{"start":{"line":127,"column":31},"end":{"line":127,"column":58}},"line":127},"11":{"name":"(anonymous_11)","decl":{"start":{"line":137,"column":24},"end":{"line":137,"column":25}},"loc":{"start":{"line":138,"column":12},"end":{"line":138,"column":64}},"line":138},"12":{"name":"(anonymous_12)","decl":{"start":{"line":138,"column":20},"end":{"line":138,"column":21}},"loc":{"start":{"line":138,"column":31},"end":{"line":138,"column":62}},"line":138}},"branchMap":{"0":{"loc":{"start":{"line":32,"column":4},"end":{"line":36,"column":5}},"type":"if","locations":[{"start":{"line":32,"column":4},"end":{"line":36,"column":5}},{"start":{"line":34,"column":11},"end":{"line":36,"column":5}}],"line":32},"1":{"loc":{"start":{"line":34,"column":11},"end":{"line":36,"column":5}},"type":"if","locations":[{"start":{"line":34,"column":11},"end":{"line":36,"column":5}},{"start":{},"end":{}}],"line":34},"2":{"loc":{"start":{"line":38,"column":4},"end":{"line":42,"column":5}},"type":"if","locations":[{"start":{"line":38,"column":4},"end":{"line":42,"column":5}},{"start":{"line":40,"column":11},"end":{"line":42,"column":5}}],"line":38},"3":{"loc":{"start":{"line":40,"column":11},"end":{"line":42,"column":5}},"type":"if","locations":[{"start":{"line":40,"column":11},"end":{"line":42,"column":5}},{"start":{},"end":{}}],"line":40},"4":{"loc":{"start":{"line":44,"column":4},"end":{"line":48,"column":5}},"type":"if","locations":[{"start":{"line":44,"column":4},"end":{"line":48,"column":5}},{"start":{"line":46,"column":11},"end":{"line":48,"column":5}}],"line":44},"5":{"loc":{"start":{"line":46,"column":11},"end":{"line":48,"column":5}},"type":"if","locations":[{"start":{"line":46,"column":11},"end":{"line":48,"column":5}},{"start":{},"end":{}}],"line":46},"6":{"loc":{"start":{"line":50,"column":4},"end":{"line":52,"column":5}},"type":"if","locations":[{"start":{"line":50,"column":4},"end":{"line":52,"column":5}},{"start":{},"end":{}}],"line":50},"7":{"loc":{"start":{"line":62,"column":4},"end":{"line":62,"column":32}},"type":"if","locations":[{"start":{"line":62,"column":4},"end":{"line":62,"column":32}},{"start":{},"end":{}}],"line":62},"8":{"loc":{"start":{"line":145,"column":9},"end":{"line":147,"column":16}},"type":"cond-expr","locations":[{"start":{"line":146,"column":10},"end":{"line":146,"column":63}},{"start":{"line":147,"column":12},"end":{"line":147,"column":16}}],"line":145},"9":{"loc":{"start":{"line":149,"column":9},"end":{"line":151,"column":16}},"type":"cond-expr","locations":[{"start":{"line":150,"column":10},"end":{"line":150,"column":69}},{"start":{"line":151,"column":12},"end":{"line":151,"column":16}}],"line":149},"10":{"loc":{"start":{"line":154,"column":17},"end":{"line":154,"column":67}},"type":"cond-expr","locations":[{"start":{"line":154,"column":27},"end":{"line":154,"column":48}},{"start":{"line":154,"column":51},"end":{"line":154,"column":67}}],"line":154}},"s":{"0":49,"1":49,"2":49,"3":49,"4":49,"5":49,"6":7,"7":8,"8":8,"9":1,"10":7,"11":1,"12":8,"13":1,"14":7,"15":1,"16":8,"17":1,"18":7,"19":1,"20":8,"21":1,"22":8,"23":8,"24":8,"25":8,"26":8,"27":4,"28":4,"29":4,"30":4,"31":4,"32":3,"33":3,"34":3,"35":1,"36":1,"37":4,"38":49,"39":7,"40":7,"41":7,"42":7,"43":7,"44":7,"45":7,"46":7,"47":1},"f":{"0":49,"1":7,"2":8,"3":8,"4":1,"5":7,"6":7,"7":7,"8":7,"9":7,"10":7,"11":7,"12":7},"b":{"0":[1,7],"1":[1,6],"2":[1,7],"3":[1,6],"4":[1,7],"5":[1,6],"6":[1,7],"7":[4,4],"8":[1,48],"9":[3,46],"10":[4,45]},"_coverageSchema":"1a1c01bbd47fc00a2c39e90264f33305004495a9","hash":"a61ac9a12bec3271b18b52cbacb25325b0949822"}
}
