TN:
SF:src\app\countries.js
FN:282,CountriesPage
FN:288,(anonymous_1)
FN:289,(anonymous_2)
FN:353,(anonymous_3)
FN:360,(anonymous_4)
FN:376,(anonymous_5)
FN:381,(anonymous_6)
FN:383,(anonymous_7)
FN:392,(anonymous_8)
FN:411,(anonymous_9)
FN:412,(anonymous_10)
FN:452,(anonymous_11)
FN:488,(anonymous_12)
FNF:13
FNH:10
FNDA:16,CountriesPage
FNDA:5,(anonymous_1)
FNDA:5,(anonymous_2)
FNDA:0,(anonymous_3)
FNDA:0,(anonymous_4)
FNDA:4,(anonymous_5)
FNDA:4,(anonymous_6)
FNDA:1,(anonymous_7)
FNDA:1,(anonymous_8)
FNDA:1,(anonymous_9)
FNDA:1,(anonymous_10)
FNDA:0,(anonymous_11)
FNDA:5,(anonymous_12)
DA:280,1
DA:283,16
DA:284,16
DA:285,16
DA:286,16
DA:288,16
DA:289,5
DA:290,5
DA:291,5
DA:293,5
DA:295,5
DA:297,5
DA:298,0
DA:299,0
DA:302,5
DA:310,5
DA:312,5
DA:313,5
DA:315,5
DA:316,0
DA:322,5
DA:324,5
DA:325,5
DA:326,5
DA:329,0
DA:340,0
DA:342,0
DA:343,0
DA:345,0
DA:346,0
DA:352,0
DA:355,0
DA:356,0
DA:357,0
DA:359,0
DA:360,0
DA:363,0
DA:367,0
DA:369,0
DA:373,5
DA:376,16
DA:377,4
DA:378,4
DA:380,4
DA:381,4
DA:382,4
DA:383,1
DA:388,0
DA:392,16
DA:393,1
DA:394,1
DA:396,1
DA:398,1
DA:399,0
DA:400,0
DA:403,1
DA:404,0
DA:405,0
DA:408,1
DA:410,1
DA:412,1
DA:416,1
DA:417,0
DA:418,0
DA:421,1
DA:423,1
DA:424,1
DA:435,1
DA:436,1
DA:437,1
DA:439,1
DA:440,0
DA:444,1
DA:445,0
DA:446,0
DA:449,1
DA:452,0
DA:456,0
DA:457,0
DA:459,1
DA:463,16
DA:464,16
DA:466,16
DA:489,5
DA:521,1
LF:85
LH:54
BRDA:297,0,0,0
BRDA:297,0,1,5
BRDA:315,1,0,0
BRDA:315,1,1,5
BRDA:317,2,0,0
BRDA:317,2,1,0
BRDA:324,3,0,5
BRDA:324,3,1,0
BRDA:345,4,0,0
BRDA:345,4,1,0
BRDA:347,5,0,0
BRDA:347,5,1,0
BRDA:355,6,0,0
BRDA:355,6,1,0
BRDA:356,7,0,0
BRDA:356,7,1,0
BRDA:357,8,0,0
BRDA:357,8,1,0
BRDA:363,9,0,0
BRDA:363,9,1,0
BRDA:380,10,0,4
BRDA:380,10,1,0
BRDA:382,11,0,1
BRDA:382,11,1,3
BRDA:398,12,0,0
BRDA:398,12,1,1
BRDA:403,13,0,0
BRDA:403,13,1,1
BRDA:416,14,0,0
BRDA:416,14,1,1
BRDA:439,15,0,0
BRDA:439,15,1,1
BRDA:444,16,0,0
BRDA:444,16,1,1
BRDA:484,17,0,11
BRDA:484,17,1,5
BRDA:494,18,0,5
BRDA:494,18,1,0
BRDA:506,19,0,16
BRDA:506,19,1,5
BRDA:506,19,2,12
BRDA:510,20,0,16
BRDA:510,20,1,5
BRDA:513,21,0,1
BRDA:513,21,1,15
BRF:45
BRH:21
end_of_record
TN:
SF:src\components\FormInput.js
FN:5,FormInput
FNF:1
FNH:1
FNDA:535,FormInput
DA:15,535
DA:35,4
LF:2
LH:2
BRDA:13,0,0,445
BRDA:17,1,0,535
BRDA:17,1,1,535
BRDA:20,2,0,535
BRDA:20,2,1,19
BRDA:30,3,0,535
BRDA:30,3,1,19
BRF:7
BRH:7
end_of_record
TN:
SF:src\components\PrimaryButton.js
FN:5,PrimaryButton
FNF:1
FNH:1
FNDA:126,PrimaryButton
DA:6,126
DA:13,3
LF:2
LH:2
BRF:0
BRH:0
end_of_record
TN:
SF:src\constants\colours.js
FNF:0
FNH:0
DA:1,6
LF:1
LH:1
BRF:0
BRH:0
end_of_record
TN:
SF:src\models\User.js
FN:2,(anonymous_0)
FNF:1
FNH:1
FNDA:4,(anonymous_0)
DA:3,4
DA:4,4
DA:5,4
DA:6,4
DA:7,4
LF:5
LH:5
BRF:0
BRH:0
end_of_record
TN:
SF:src\screens\CompareFriendScreen.js
FN:15,CompareStatCard
FN:30,CompareGlobeCard
FN:33,(anonymous_2)
FN:34,(anonymous_3)
FN:37,(anonymous_4)
FN:43,(anonymous_5)
FN:60,(anonymous_6)
FN:77,(anonymous_7)
FN:94,(anonymous_8)
FN:116,CompareFriendScreen
FN:122,(anonymous_10)
FN:123,loadComparison
FN:137,handleGlobeMessage
FN:163,(anonymous_13)
FN:166,(anonymous_14)
FN:171,(anonymous_15)
FN:212,(anonymous_16)
FN:225,(anonymous_17)
FN:238,(anonymous_18)
FNF:19
FNH:18
FNDA:6,CompareStatCard
FNDA:6,CompareGlobeCard
FNDA:3,(anonymous_2)
FNDA:4,(anonymous_3)
FNDA:6,(anonymous_4)
FNDA:6,(anonymous_5)
FNDA:1,(anonymous_6)
FNDA:1,(anonymous_7)
FNDA:1,(anonymous_8)
FNDA:8,CompareFriendScreen
FNDA:4,(anonymous_10)
FNDA:4,loadComparison
FNDA:0,handleGlobeMessage
FNDA:2,(anonymous_13)
FNDA:2,(anonymous_14)
FNDA:2,(anonymous_15)
FNDA:2,(anonymous_16)
FNDA:2,(anonymous_17)
FNDA:2,(anonymous_18)
DA:16,6
DA:31,6
DA:33,6
DA:34,4
DA:37,6
DA:38,6
DA:39,2
DA:40,1
DA:43,6
DA:44,6
DA:45,2
DA:46,1
DA:49,6
DA:60,1
DA:77,1
DA:94,1
DA:117,8
DA:118,8
DA:119,8
DA:120,8
DA:122,8
DA:124,4
DA:125,4
DA:126,3
DA:128,1
DA:130,4
DA:134,4
DA:138,0
DA:139,0
DA:140,0
DA:142,0
DA:146,8
DA:147,4
DA:154,4
DA:155,1
DA:163,3
DA:165,3
DA:166,2
DA:170,3
DA:171,2
DA:175,3
DA:213,2
DA:226,2
DA:239,2
DA:251,1
LF:45
LH:41
BRDA:38,0,0,4
BRDA:38,0,1,2
BRDA:39,1,0,1
BRDA:39,1,1,1
BRDA:44,2,0,4
BRDA:44,2,1,2
BRDA:45,3,0,1
BRDA:45,3,1,1
BRDA:58,4,0,6
BRDA:58,4,1,4
BRDA:65,5,0,6
BRDA:65,5,1,4
BRDA:75,6,0,6
BRDA:75,6,1,1
BRDA:82,7,0,6
BRDA:82,7,1,1
BRDA:92,8,0,6
BRDA:92,8,1,1
BRDA:99,9,0,6
BRDA:99,9,1,1
BRDA:146,10,0,4
BRDA:146,10,1,4
BRDA:154,11,0,1
BRDA:154,11,1,3
BRDA:163,12,0,3
BRDA:163,12,1,0
BRDA:166,13,0,3
BRDA:166,13,1,0
BRDA:171,14,0,3
BRDA:171,14,1,0
BRDA:191,15,0,3
BRDA:191,15,1,0
BRDA:192,16,0,3
BRDA:192,16,1,0
BRDA:193,17,0,3
BRDA:193,17,1,0
BRDA:198,18,0,3
BRDA:198,18,1,0
BRDA:199,19,0,3
BRDA:199,19,1,0
BRDA:200,20,0,3
BRDA:200,20,1,0
BRDA:211,21,0,2
BRDA:211,21,1,1
BRDA:224,22,0,2
BRDA:224,22,1,1
BRDA:237,23,0,2
BRDA:237,23,1,1
BRF:48
BRH:39
end_of_record
TN:
SF:src\screens\EditProfileScreen.js
FN:17,EditProfileScreen
FN:42,(anonymous_1)
FN:43,loadProfile
FN:53,(anonymous_3)
FN:69,validateEmail
FN:73,validateForm
FN:115,handleSave
FN:158,(anonymous_7)
FN:166,(anonymous_8)
FN:176,handleCancel
FN:180,handleChangePhoto
FN:264,(anonymous_11)
FN:265,(anonymous_12)
FN:276,(anonymous_13)
FN:277,(anonymous_14)
FN:289,(anonymous_15)
FN:290,(anonymous_16)
FN:312,(anonymous_17)
FN:313,(anonymous_18)
FN:325,(anonymous_19)
FN:326,(anonymous_20)
FN:338,(anonymous_21)
FN:339,(anonymous_22)
FNF:23
FNH:21
FNDA:54,EditProfileScreen
FNDA:13,(anonymous_1)
FNDA:13,loadProfile
FNDA:12,(anonymous_3)
FNDA:8,validateEmail
FNDA:9,validateForm
FNDA:9,handleSave
FNDA:2,(anonymous_7)
FNDA:0,(anonymous_8)
FNDA:2,handleCancel
FNDA:0,handleChangePhoto
FNDA:3,(anonymous_11)
FNDA:3,(anonymous_12)
FNDA:1,(anonymous_13)
FNDA:1,(anonymous_14)
FNDA:2,(anonymous_15)
FNDA:2,(anonymous_16)
FNDA:3,(anonymous_17)
FNDA:3,(anonymous_18)
FNDA:4,(anonymous_19)
FNDA:4,(anonymous_20)
FNDA:3,(anonymous_21)
FNDA:3,(anonymous_22)
DA:18,54
DA:19,54
DA:21,54
DA:30,54
DA:36,54
DA:37,54
DA:38,54
DA:39,54
DA:40,54
DA:42,54
DA:44,13
DA:45,13
DA:47,12
DA:53,12
DA:58,12
DA:60,1
DA:62,13
DA:66,13
DA:70,8
DA:74,9
DA:76,9
DA:77,1
DA:80,9
DA:81,1
DA:82,8
DA:83,1
DA:86,9
DA:87,1
DA:91,9
DA:93,9
DA:94,4
DA:95,1
DA:98,4
DA:99,0
DA:100,4
DA:101,1
DA:104,4
DA:105,1
DA:106,3
DA:107,1
DA:111,9
DA:112,9
DA:116,9
DA:117,9
DA:119,9
DA:121,4
DA:123,4
DA:124,2
DA:127,4
DA:128,0
DA:131,4
DA:132,0
DA:135,4
DA:136,1
DA:139,4
DA:140,1
DA:141,1
DA:144,3
DA:145,3
DA:146,3
DA:148,2
DA:150,2
DA:156,2
DA:158,2
DA:166,2
DA:167,0
DA:170,1
DA:172,3
DA:177,2
DA:181,0
DA:184,54
DA:185,13
DA:192,41
DA:265,3
DA:277,1
DA:290,2
DA:313,3
DA:326,4
DA:339,3
DA:377,1
LF:80
LH:75
BRDA:19,0,0,54
BRDA:19,0,1,54
BRDA:48,1,0,12
BRDA:48,1,1,0
BRDA:49,2,0,12
BRDA:49,2,1,0
BRDA:50,3,0,12
BRDA:50,3,1,0
BRDA:76,4,0,1
BRDA:76,4,1,8
BRDA:80,5,0,1
BRDA:80,5,1,8
BRDA:82,6,0,1
BRDA:82,6,1,7
BRDA:86,7,0,1
BRDA:86,7,1,8
BRDA:91,8,0,9
BRDA:91,8,1,6
BRDA:91,8,2,5
BRDA:93,9,0,4
BRDA:93,9,1,5
BRDA:94,10,0,1
BRDA:94,10,1,3
BRDA:98,11,0,0
BRDA:98,11,1,4
BRDA:100,12,0,1
BRDA:100,12,1,3
BRDA:104,13,0,1
BRDA:104,13,1,3
BRDA:106,14,0,1
BRDA:106,14,1,2
BRDA:119,15,0,5
BRDA:119,15,1,4
BRDA:123,16,0,2
BRDA:123,16,1,2
BRDA:127,17,0,0
BRDA:127,17,1,4
BRDA:131,18,0,0
BRDA:131,18,1,4
BRDA:135,19,0,1
BRDA:135,19,1,3
BRDA:139,20,0,1
BRDA:139,20,1,3
BRDA:151,21,0,2
BRDA:151,21,1,1
BRDA:152,22,0,2
BRDA:152,22,1,2
BRDA:153,23,0,2
BRDA:153,23,1,2
BRDA:184,24,0,13
BRDA:184,24,1,41
BRDA:198,25,0,0
BRDA:198,25,1,41
BRDA:199,26,0,0
BRDA:199,26,1,41
BRDA:200,27,0,0
BRDA:200,27,1,41
BRDA:216,28,0,0
BRDA:216,28,1,41
BRDA:217,29,0,0
BRDA:217,29,1,41
BRDA:347,30,0,3
BRDA:347,30,1,38
BRDA:353,31,0,2
BRDA:353,31,1,39
BRDA:362,32,0,3
BRDA:362,32,1,38
BRF:67
BRH:56
end_of_record
TN:
SF:src\screens\FriendProfileScreen.js
FN:15,StatBox
FN:24,FriendGlobeCard
FN:37,FriendProfileScreen
FN:45,(anonymous_3)
FN:46,loadProfile
FN:60,handleGlobeMessage
FN:88,(anonymous_6)
FN:128,(anonymous_7)
FN:158,(anonymous_8)
FNF:9
FNH:8
FNDA:6,StatBox
FNDA:3,FriendGlobeCard
FNDA:8,FriendProfileScreen
FNDA:4,(anonymous_3)
FNDA:4,loadProfile
FNDA:0,handleGlobeMessage
FNDA:4,(anonymous_6)
FNDA:2,(anonymous_7)
FNDA:1,(anonymous_8)
DA:16,6
DA:25,3
DA:38,8
DA:39,8
DA:41,8
DA:42,8
DA:43,8
DA:45,8
DA:47,4
DA:48,4
DA:49,3
DA:51,1
DA:53,4
DA:57,4
DA:61,0
DA:62,0
DA:63,0
DA:65,0
DA:69,8
DA:70,4
DA:77,4
DA:78,1
DA:85,3
DA:88,4
DA:90,3
DA:129,2
DA:158,1
DA:166,1
LF:28
LH:24
BRDA:69,0,0,4
BRDA:69,0,1,4
BRDA:77,1,0,1
BRDA:77,1,1,3
BRDA:85,2,0,3
BRDA:85,2,1,0
BRDA:88,3,0,3
BRDA:88,3,1,0
BRDA:103,4,0,3
BRDA:103,4,1,0
BRDA:109,5,0,3
BRDA:109,5,1,0
BRDA:113,6,0,3
BRDA:113,6,1,0
BRDA:127,7,0,2
BRDA:127,7,1,1
BRDA:142,8,0,2
BRDA:142,8,1,1
BRF:18
BRH:13
end_of_record
TN:
SF:src\screens\FriendRequestsScreen.js
FN:28,RequestCard
FN:48,(anonymous_1)
FN:55,(anonymous_2)
FN:69,FriendRequestsScreen
FN:74,(anonymous_4)
FN:75,loadRequests
FN:89,handleAccept
FN:92,(anonymous_7)
FN:94,(anonymous_8)
FN:101,handleDecline
FN:104,(anonymous_10)
FN:106,(anonymous_11)
FN:141,(anonymous_12)
FN:159,(anonymous_13)
FNF:14
FNH:14
FNDA:8,RequestCard
FNDA:1,(anonymous_1)
FNDA:1,(anonymous_2)
FNDA:12,FriendRequestsScreen
FNDA:5,(anonymous_4)
FNDA:5,loadRequests
FNDA:1,handleAccept
FNDA:1,(anonymous_7)
FNDA:1,(anonymous_8)
FNDA:1,handleDecline
FNDA:1,(anonymous_10)
FNDA:1,(anonymous_11)
FNDA:3,(anonymous_12)
FNDA:5,(anonymous_13)
DA:16,1
DA:29,8
DA:48,1
DA:55,1
DA:70,12
DA:71,12
DA:72,12
DA:74,12
DA:76,5
DA:77,5
DA:78,4
DA:80,1
DA:82,5
DA:86,5
DA:90,1
DA:91,1
DA:92,1
DA:94,1
DA:97,0
DA:102,1
DA:103,1
DA:104,1
DA:106,1
DA:109,0
DA:113,12
DA:114,5
DA:121,7
DA:142,3
DA:160,5
DA:176,1
LF:30
LH:28
BRDA:39,0,0,8
BRDA:39,0,1,0
BRDA:44,1,0,3
BRDA:44,1,1,5
BRDA:78,2,0,4
BRDA:78,2,1,0
BRDA:113,3,0,5
BRDA:113,3,1,7
BRDA:135,4,0,1
BRDA:135,4,1,6
BRDA:140,5,0,3
BRDA:140,5,1,4
BRDA:158,6,0,5
BRDA:158,6,1,2
BRF:14
BRH:12
end_of_record
TN:
SF:src\screens\FriendsScreen.js
FN:29,FriendCard
FN:48,(anonymous_1)
FN:55,(anonymous_2)
FN:60,(anonymous_3)
FN:68,FriendsScreen
FN:75,(anonymous_5)
FN:76,loadData
FN:95,handleRemove
FN:98,(anonymous_8)
FN:98,(anonymous_9)
FN:130,(anonymous_10)
FN:139,(anonymous_11)
FN:154,(anonymous_12)
FN:158,(anonymous_13)
FN:159,(anonymous_14)
FN:171,(anonymous_15)
FNF:16
FNH:15
FNDA:13,FriendCard
FNDA:1,(anonymous_1)
FNDA:1,(anonymous_2)
FNDA:1,(anonymous_3)
FNDA:17,FriendsScreen
FNDA:8,(anonymous_5)
FNDA:8,loadData
FNDA:1,handleRemove
FNDA:1,(anonymous_8)
FNDA:2,(anonymous_9)
FNDA:1,(anonymous_10)
FNDA:1,(anonymous_11)
FNDA:13,(anonymous_12)
FNDA:1,(anonymous_13)
FNDA:1,(anonymous_14)
FNDA:0,(anonymous_15)
DA:17,1
DA:30,13
DA:48,1
DA:55,1
DA:60,1
DA:69,17
DA:70,17
DA:71,17
DA:72,17
DA:73,17
DA:75,17
DA:77,8
DA:78,8
DA:83,7
DA:84,7
DA:86,1
DA:88,8
DA:92,8
DA:96,1
DA:97,1
DA:98,2
DA:100,0
DA:104,17
DA:105,8
DA:112,9
DA:130,1
DA:139,1
DA:155,13
DA:158,1
DA:159,1
DA:171,0
DA:181,1
LF:32
LH:30
BRDA:40,0,0,13
BRDA:40,0,1,0
BRDA:83,1,0,7
BRDA:83,1,1,0
BRDA:84,2,0,7
BRDA:84,2,1,1
BRDA:104,3,0,8
BRDA:104,3,1,9
BRDA:149,4,0,1
BRDA:149,4,1,8
BRDA:153,5,0,7
BRDA:153,5,1,2
BRF:12
BRH:10
end_of_record
TN:
SF:src\screens\LoginScreen.js
FN:11,LoginScreen
FN:20,validateForm
FN:39,handleLogin
FN:73,(anonymous_3)
FN:73,(anonymous_4)
FN:81,(anonymous_5)
FN:82,(anonymous_6)
FNF:7
FNH:7
FNDA:36,LoginScreen
FNDA:8,validateForm
FNDA:8,handleLogin
FNDA:7,(anonymous_3)
FNDA:7,(anonymous_4)
FNDA:7,(anonymous_5)
FNDA:7,(anonymous_6)
DA:12,36
DA:13,36
DA:15,36
DA:16,36
DA:17,36
DA:18,36
DA:21,8
DA:23,8
DA:24,1
DA:25,7
DA:26,1
DA:29,8
DA:30,1
DA:31,7
DA:32,1
DA:35,8
DA:36,8
DA:40,8
DA:41,8
DA:43,5
DA:44,5
DA:45,5
DA:46,4
DA:47,4
DA:49,1
DA:51,5
DA:55,36
DA:73,7
DA:82,7
DA:109,1
LF:30
LH:30
BRDA:23,0,0,1
BRDA:23,0,1,7
BRDA:25,1,0,1
BRDA:25,1,1,6
BRDA:29,2,0,1
BRDA:29,2,1,7
BRDA:31,3,0,1
BRDA:31,3,1,6
BRDA:41,4,0,3
BRDA:41,4,1,5
BRDA:89,5,0,1
BRDA:89,5,1,35
BRDA:94,6,0,5
BRDA:94,6,1,31
BRF:14
BRH:14
end_of_record
TN:
SF:src\screens\RegisterScreen.js
FN:11,RegisterScreen
FN:25,validateEmail
FN:29,validateForm
FN:58,handleRegister
FN:79,(anonymous_4)
FN:107,(anonymous_5)
FN:108,(anonymous_6)
FN:117,(anonymous_7)
FN:117,(anonymous_8)
FN:126,(anonymous_9)
FN:127,(anonymous_10)
FN:137,(anonymous_11)
FN:138,(anonymous_12)
FNF:13
FNH:13
FNDA:49,RegisterScreen
FNDA:7,validateEmail
FNDA:8,validateForm
FNDA:8,handleRegister
FNDA:1,(anonymous_4)
FNDA:7,(anonymous_5)
FNDA:7,(anonymous_6)
FNDA:7,(anonymous_7)
FNDA:7,(anonymous_8)
FNDA:7,(anonymous_9)
FNDA:7,(anonymous_10)
FNDA:7,(anonymous_11)
FNDA:7,(anonymous_12)
DA:12,49
DA:13,49
DA:20,49
DA:21,49
DA:22,49
DA:23,49
DA:26,7
DA:30,8
DA:32,8
DA:33,1
DA:34,7
DA:35,1
DA:38,8
DA:39,1
DA:40,7
DA:41,1
DA:44,8
DA:45,1
DA:46,7
DA:47,1
DA:50,8
DA:51,1
DA:54,8
DA:55,8
DA:59,8
DA:60,8
DA:62,8
DA:64,4
DA:72,4
DA:73,4
DA:75,4
DA:77,3
DA:78,3
DA:79,3
DA:80,1
DA:83,1
DA:85,4
DA:89,49
DA:108,7
DA:117,7
DA:127,7
DA:138,7
DA:169,1
LF:43
LH:43
BRDA:32,0,0,1
BRDA:32,0,1,7
BRDA:34,1,0,1
BRDA:34,1,1,6
BRDA:38,2,0,1
BRDA:38,2,1,7
BRDA:40,3,0,1
BRDA:40,3,1,6
BRDA:44,4,0,1
BRDA:44,4,1,7
BRDA:46,5,0,1
BRDA:46,5,1,6
BRDA:50,6,0,1
BRDA:50,6,1,7
BRDA:62,7,0,4
BRDA:62,7,1,4
BRDA:145,8,0,1
BRDA:145,8,1,48
BRDA:149,9,0,3
BRDA:149,9,1,46
BRDA:154,10,0,4
BRDA:154,10,1,45
BRF:22
BRH:22
end_of_record
TN:
SF:src\screens\SearchFriendsScreen.js
FN:25,SearchResultCard
FN:41,(anonymous_1)
FN:48,SearchFriendsScreen
FN:55,handleSearch
FN:76,handleAddFriend
FN:131,(anonymous_5)
FNF:6
FNH:6
FNDA:5,SearchResultCard
FNDA:2,(anonymous_1)
FNDA:23,SearchFriendsScreen
FNDA:5,handleSearch
FNDA:2,handleAddFriend
FNDA:7,(anonymous_5)
DA:13,1
DA:26,5
DA:41,2
DA:49,23
DA:50,23
DA:51,23
DA:52,23
DA:53,23
DA:56,5
DA:57,5
DA:59,5
DA:60,1
DA:61,1
DA:64,4
DA:65,4
DA:66,4
DA:67,3
DA:69,1
DA:70,1
DA:72,4
DA:77,2
DA:78,2
DA:80,2
DA:81,2
DA:82,2
DA:84,0
DA:88,23
DA:132,7
DA:146,1
LF:29
LH:28
BRDA:36,0,0,5
BRDA:36,0,1,0
BRDA:59,1,0,1
BRDA:59,1,1,4
BRDA:67,2,0,3
BRDA:67,2,1,0
BRDA:110,3,0,2
BRDA:110,3,1,21
BRDA:113,4,0,2
BRDA:113,4,1,21
BRDA:119,5,0,4
BRDA:119,5,1,19
BRDA:126,6,0,4
BRDA:126,6,1,19
BRDA:130,7,0,7
BRDA:130,7,1,12
BRF:16
BRH:14
end_of_record
