TN:
SF:src\app\trips.js
FN:35,flagUrl
FN:40,formatDate
FN:46,formatDateInput
FN:53,parseInputDate
FN:60,TripsPage
FN:79,(anonymous_5)
FN:80,init
FN:93,(anonymous_7)
FN:108,openModal
FN:118,(anonymous_9)
FN:122,(anonymous_10)
FN:127,(anonymous_11)
FN:128,(anonymous_12)
FN:134,handleAddTrip
FN:162,(anonymous_14)
FN:171,(anonymous_15)
FN:202,(anonymous_16)
FN:209,(anonymous_17)
FN:239,(anonymous_18)
FN:249,(anonymous_19)
FN:272,(anonymous_20)
FN:275,(anonymous_21)
FN:283,(anonymous_22)
FN:313,(anonymous_23)
FN:325,(anonymous_24)
FNF:25
FNH:20
FNDA:273,flagUrl
FNDA:143,formatDate
FNDA:12,formatDateInput
FNDA:12,parseInputDate
FNDA:97,TripsPage
FNDA:25,(anonymous_5)
FNDA:25,init
FNDA:69,(anonymous_7)
FNDA:15,openModal
FNDA:0,(anonymous_9)
FNDA:0,(anonymous_10)
FNDA:0,(anonymous_11)
FNDA:0,(anonymous_12)
FNDA:6,handleAddTrip
FNDA:3,(anonymous_14)
FNDA:213,(anonymous_15)
FNDA:143,(anonymous_16)
FNDA:2,(anonymous_17)
FNDA:0,(anonymous_18)
FNDA:1,(anonymous_19)
FNDA:146,(anonymous_20)
FNDA:130,(anonymous_21)
FNDA:10,(anonymous_22)
FNDA:8,(anonymous_23)
FNDA:4,(anonymous_24)
DA:21,1
DA:36,273
DA:37,273
DA:41,143
DA:42,143
DA:43,143
DA:47,12
DA:48,12
DA:49,12
DA:50,11
DA:54,12
DA:55,12
DA:56,9
DA:57,9
DA:61,97
DA:63,97
DA:64,97
DA:65,97
DA:67,97
DA:68,97
DA:70,97
DA:71,97
DA:72,97
DA:73,97
DA:74,97
DA:75,97
DA:76,97
DA:77,97
DA:79,97
DA:81,25
DA:82,25
DA:83,23
DA:88,23
DA:89,23
DA:90,23
DA:91,23
DA:92,23
DA:93,23
DA:94,69
DA:96,23
DA:99,1
DA:101,24
DA:105,25
DA:109,15
DA:110,15
DA:111,15
DA:112,15
DA:113,15
DA:115,15
DA:116,0
DA:117,0
DA:119,0
DA:120,0
DA:121,0
DA:122,0
DA:123,0
DA:125,0
DA:128,0
DA:131,15
DA:135,6
DA:137,6
DA:138,6
DA:140,6
DA:141,1
DA:142,1
DA:144,5
DA:145,1
DA:146,1
DA:148,4
DA:149,1
DA:150,1
DA:153,3
DA:154,3
DA:156,3
DA:157,3
DA:162,3
DA:163,3
DA:164,3
DA:167,3
DA:171,97
DA:172,213
DA:175,97
DA:176,25
DA:183,72
DA:203,143
DA:204,143
DA:205,143
DA:209,2
DA:239,0
DA:249,1
DA:272,146
DA:276,130
DA:277,130
DA:283,10
DA:313,8
DA:325,4
DA:361,1
LF:97
LH:87
BRDA:36,0,0,0
BRDA:36,0,1,273
BRDA:41,1,0,0
BRDA:41,1,1,143
BRDA:48,2,0,0
BRDA:48,2,1,12
BRDA:49,3,0,1
BRDA:49,3,1,11
BRDA:55,4,0,3
BRDA:55,4,1,9
BRDA:57,5,0,0
BRDA:57,5,1,9
BRDA:88,6,0,23
BRDA:88,6,1,0
BRDA:88,7,0,23
BRDA:88,7,1,0
BRDA:89,8,0,23
BRDA:89,8,1,0
BRDA:90,9,0,23
BRDA:90,9,1,0
BRDA:115,10,0,0
BRDA:115,10,1,15
BRDA:119,11,0,0
BRDA:119,11,1,0
BRDA:135,12,0,0
BRDA:135,12,1,6
BRDA:135,13,0,6
BRDA:135,13,1,6
BRDA:140,14,0,1
BRDA:140,14,1,5
BRDA:144,15,0,1
BRDA:144,15,1,4
BRDA:148,16,0,1
BRDA:148,16,1,3
BRDA:175,17,0,25
BRDA:175,17,1,72
BRDA:197,18,0,1
BRDA:197,18,1,71
BRDA:199,19,0,1
BRDA:199,19,1,70
BRDA:213,20,0,143
BRDA:213,20,1,0
BRDA:243,21,0,72
BRDA:243,21,1,0
BRDA:265,22,0,0
BRDA:265,22,1,72
BRDA:281,23,0,130
BRDA:281,23,1,28
BRDA:294,24,0,130
BRDA:294,24,1,28
BRDA:299,25,0,130
BRDA:299,25,1,28
BRDA:334,26,0,72
BRDA:334,26,1,3
BRDA:339,27,0,72
BRDA:339,27,1,31
BRDA:339,27,2,44
BRDA:342,28,0,72
BRDA:342,28,1,31
BRDA:344,29,0,3
BRDA:344,29,1,69
BRDA:348,30,0,28
BRDA:348,30,1,41
BRF:63
BRH:48
end_of_record
TN:
SF:src\app\trip\[id].js
FN:30,daysBetween
FN:35,TripDetailPage
FN:46,(anonymous_2)
FN:49,(anonymous_3)
FN:53,(anonymous_4)
FN:54,(anonymous_5)
FN:73,handleSaveNotes
FN:77,(anonymous_7)
FN:80,(anonymous_8)
FN:87,handleAddPhoto
FN:104,(anonymous_10)
FN:134,(anonymous_11)
FN:171,(anonymous_12)
FN:203,(anonymous_13)
FN:222,(anonymous_14)
FN:244,(anonymous_15)
FNF:16
FNH:15
FNDA:46,daysBetween
FNDA:75,TripDetailPage
FNDA:28,(anonymous_2)
FNDA:26,(anonymous_3)
FNDA:1,(anonymous_4)
FNDA:27,(anonymous_5)
FNDA:3,handleSaveNotes
FNDA:2,(anonymous_7)
FNDA:1,(anonymous_8)
FNDA:5,handleAddPhoto
FNDA:2,(anonymous_10)
FNDA:1,(anonymous_11)
FNDA:6,(anonymous_12)
FNDA:3,(anonymous_13)
FNDA:0,(anonymous_14)
FNDA:1,(anonymous_15)
DA:20,1
DA:31,46
DA:32,45
DA:36,75
DA:37,75
DA:39,75
DA:40,75
DA:41,75
DA:42,75
DA:43,75
DA:44,75
DA:46,75
DA:47,28
DA:48,28
DA:50,26
DA:51,26
DA:53,1
DA:54,27
DA:57,75
DA:58,28
DA:65,47
DA:66,1
DA:74,3
DA:75,3
DA:76,3
DA:77,2
DA:78,2
DA:80,1
DA:81,1
DA:83,3
DA:88,5
DA:89,5
DA:90,1
DA:91,1
DA:94,4
DA:99,4
DA:101,3
DA:102,3
DA:103,3
DA:104,2
DA:109,1
DA:111,3
DA:115,46
DA:116,46
DA:117,46
DA:119,46
DA:134,1
DA:172,6
DA:173,6
DA:204,3
DA:222,0
DA:244,1
DA:267,1
LF:53
LH:52
BRDA:31,0,0,1
BRDA:31,0,1,45
BRDA:31,1,0,46
BRDA:31,1,1,45
BRDA:51,2,0,26
BRDA:51,2,1,1
BRDA:57,3,0,28
BRDA:57,3,1,47
BRDA:65,4,0,1
BRDA:65,4,1,46
BRDA:77,5,0,2
BRDA:77,5,1,0
BRDA:89,6,0,1
BRDA:89,6,1,4
BRDA:99,7,0,1
BRDA:99,7,1,3
BRDA:99,8,0,4
BRDA:99,8,1,3
BRDA:115,9,0,46
BRDA:115,9,1,43
BRDA:127,10,0,3
BRDA:127,10,1,43
BRDA:140,11,0,46
BRDA:140,11,1,1
BRDA:142,12,0,46
BRDA:142,12,1,45
BRDA:159,13,0,46
BRDA:159,13,1,1
BRDA:165,14,0,46
BRDA:165,14,1,1
BRDA:172,15,0,6
BRDA:172,15,1,0
BRDA:181,16,0,46
BRDA:181,16,1,0
BRDA:186,17,0,0
BRDA:186,17,1,46
BRDA:194,18,0,46
BRDA:194,18,1,3
BRDA:215,19,0,46
BRDA:215,19,1,1
BRDA:226,20,0,46
BRDA:226,20,1,0
BRDA:249,21,0,46
BRDA:249,21,1,3
BRDA:253,22,0,3
BRDA:253,22,1,43
BRF:46
BRH:41
end_of_record
TN:
SF:src\components\FormInput.js
FN:5,FormInput
FNF:1
FNH:0
FNDA:0,FormInput
DA:15,0
DA:33,3
LF:2
LH:1
BRDA:10,0,0,0
BRDA:12,1,0,0
BRDA:13,2,0,0
BRDA:26,3,0,0
BRDA:26,3,1,0
BRDA:28,4,0,0
BRDA:28,4,1,0
BRF:7
BRH:0
end_of_record
TN:
SF:src\components\PrimaryButton.js
FN:5,PrimaryButton
FNF:1
FNH:0
FNDA:0,PrimaryButton
DA:6,0
DA:13,3
LF:2
LH:1
BRF:0
BRH:0
end_of_record
TN:
SF:src\constants\colours.js
FNF:0
FNH:0
DA:1,3
LF:1
LH:1
BRF:0
BRH:0
end_of_record
TN:
SF:src\context\AuthContext.js
FN:6,AuthProvider
FN:10,(anonymous_1)
FN:11,loadToken
FN:25,signIn
FN:30,signOut
FN:50,useAuth
FNF:6
FNH:0
FNDA:0,AuthProvider
FNDA:0,(anonymous_1)
FNDA:0,loadToken
FNDA:0,signIn
FNDA:0,signOut
FNDA:0,useAuth
DA:4,1
DA:7,0
DA:8,0
DA:10,0
DA:12,0
DA:13,0
DA:14,0
DA:15,0
DA:18,0
DA:22,0
DA:26,0
DA:27,0
DA:31,0
DA:32,0
DA:35,0
DA:51,0
LF:16
LH:1
BRDA:14,0,0,0
BRDA:14,0,1,0
BRF:2
BRH:0
end_of_record
TN:
SF:src\models\User.js
FN:2,(anonymous_0)
FNF:1
FNH:0
FNDA:0,(anonymous_0)
DA:3,0
DA:4,0
DA:5,0
DA:6,0
DA:7,0
LF:5
LH:0
BRF:0
BRH:0
end_of_record
TN:
SF:src\screens\EditProfileScreen.js
FN:16,EditProfileScreen
FN:38,(anonymous_1)
FN:39,loadProfile
FN:49,(anonymous_3)
FN:65,validateEmail
FN:69,validateForm
FN:111,handleSave
FN:155,(anonymous_7)
FN:163,(anonymous_8)
FN:173,handleCancel
FN:215,(anonymous_10)
FN:216,(anonymous_11)
FN:225,(anonymous_12)
FN:225,(anonymous_13)
FN:234,(anonymous_14)
FN:235,(anonymous_15)
FN:247,(anonymous_16)
FN:248,(anonymous_17)
FN:258,(anonymous_18)
FN:259,(anonymous_19)
FN:269,(anonymous_20)
FN:270,(anonymous_21)
FNF:22
FNH:3
FNDA:10,EditProfileScreen
FNDA:10,(anonymous_1)
FNDA:10,loadProfile
FNDA:0,(anonymous_3)
FNDA:0,validateEmail
FNDA:0,validateForm
FNDA:0,handleSave
FNDA:0,(anonymous_7)
FNDA:0,(anonymous_8)
FNDA:0,handleCancel
FNDA:0,(anonymous_10)
FNDA:0,(anonymous_11)
FNDA:0,(anonymous_12)
FNDA:0,(anonymous_13)
FNDA:0,(anonymous_14)
FNDA:0,(anonymous_15)
FNDA:0,(anonymous_16)
FNDA:0,(anonymous_17)
FNDA:0,(anonymous_18)
FNDA:0,(anonymous_19)
FNDA:0,(anonymous_20)
FNDA:0,(anonymous_21)
DA:17,10
DA:26,10
DA:32,10
DA:33,10
DA:34,10
DA:35,10
DA:36,10
DA:38,10
DA:40,10
DA:41,10
DA:43,0
DA:49,0
DA:54,0
DA:56,0
DA:58,0
DA:62,10
DA:66,0
DA:70,0
DA:72,0
DA:73,0
DA:76,0
DA:77,0
DA:78,0
DA:79,0
DA:82,0
DA:83,0
DA:87,0
DA:89,0
DA:90,0
DA:91,0
DA:94,0
DA:95,0
DA:96,0
DA:97,0
DA:100,0
DA:101,0
DA:102,0
DA:103,0
DA:107,0
DA:108,0
DA:112,0
DA:113,0
DA:115,0
DA:117,0
DA:119,0
DA:120,0
DA:123,0
DA:124,0
DA:127,0
DA:128,0
DA:131,0
DA:132,0
DA:135,0
DA:136,0
DA:137,0
DA:140,0
DA:141,0
DA:143,0
DA:145,0
DA:147,0
DA:153,0
DA:155,0
DA:163,0
DA:164,0
DA:167,0
DA:169,0
DA:174,0
DA:177,10
DA:178,10
DA:185,0
DA:216,0
DA:225,0
DA:235,0
DA:248,0
DA:259,0
DA:270,0
DA:298,1
LF:77
LH:14
BRDA:44,0,0,0
BRDA:44,0,1,0
BRDA:45,1,0,0
BRDA:45,1,1,0
BRDA:46,2,0,0
BRDA:46,2,1,0
BRDA:72,3,0,0
BRDA:72,3,1,0
BRDA:76,4,0,0
BRDA:76,4,1,0
BRDA:78,5,0,0
BRDA:78,5,1,0
BRDA:82,6,0,0
BRDA:82,6,1,0
BRDA:87,7,0,0
BRDA:87,7,1,0
BRDA:87,7,2,0
BRDA:89,8,0,0
BRDA:89,8,1,0
BRDA:90,9,0,0
BRDA:90,9,1,0
BRDA:94,10,0,0
BRDA:94,10,1,0
BRDA:96,11,0,0
BRDA:96,11,1,0
BRDA:100,12,0,0
BRDA:100,12,1,0
BRDA:102,13,0,0
BRDA:102,13,1,0
BRDA:115,14,0,0
BRDA:115,14,1,0
BRDA:119,15,0,0
BRDA:119,15,1,0
BRDA:123,16,0,0
BRDA:123,16,1,0
BRDA:127,17,0,0
BRDA:127,17,1,0
BRDA:131,18,0,0
BRDA:131,18,1,0
BRDA:135,19,0,0
BRDA:135,19,1,0
BRDA:148,20,0,0
BRDA:148,20,1,0
BRDA:149,21,0,0
BRDA:149,21,1,0
BRDA:150,22,0,0
BRDA:150,22,1,0
BRDA:177,23,0,10
BRDA:177,23,1,0
BRDA:277,24,0,0
BRDA:277,24,1,0
BRDA:281,25,0,0
BRDA:281,25,1,0
BRDA:286,26,0,0
BRDA:286,26,1,0
BRDA:406,27,0,1
BRDA:406,27,1,0
BRF:57
BRH:2
end_of_record
TN:
SF:src\screens\LoginScreen.js
FN:11,LoginScreen
FN:20,validateForm
FN:39,handleLogin
FN:73,(anonymous_3)
FN:73,(anonymous_4)
FN:81,(anonymous_5)
FN:82,(anonymous_6)
FNF:7
FNH:1
FNDA:15,LoginScreen
FNDA:0,validateForm
FNDA:0,handleLogin
FNDA:0,(anonymous_3)
FNDA:0,(anonymous_4)
FNDA:0,(anonymous_5)
FNDA:0,(anonymous_6)
DA:12,15
DA:13,0
DA:15,0
DA:16,0
DA:17,0
DA:18,0
DA:21,0
DA:23,0
DA:24,0
DA:25,0
DA:26,0
DA:29,0
DA:30,0
DA:31,0
DA:32,0
DA:35,0
DA:36,0
DA:40,0
DA:41,0
DA:43,0
DA:44,0
DA:45,0
DA:46,0
DA:49,0
DA:51,0
DA:55,0
DA:73,0
DA:82,0
DA:109,1
LF:29
LH:2
BRDA:23,0,0,0
BRDA:23,0,1,0
BRDA:25,1,0,0
BRDA:25,1,1,0
BRDA:29,2,0,0
BRDA:29,2,1,0
BRDA:31,3,0,0
BRDA:31,3,1,0
BRDA:41,4,0,0
BRDA:41,4,1,0
BRDA:89,5,0,0
BRDA:89,5,1,0
BRDA:94,6,0,0
BRDA:94,6,1,0
BRF:14
BRH:0
end_of_record
TN:
SF:src\screens\RegisterScreen.js
FN:11,RegisterScreen
FN:25,validateEmail
FN:29,validateForm
FN:58,handleRegister
FN:79,(anonymous_4)
FN:107,(anonymous_5)
FN:108,(anonymous_6)
FN:117,(anonymous_7)
FN:117,(anonymous_8)
FN:126,(anonymous_9)
FN:127,(anonymous_10)
FN:137,(anonymous_11)
FN:138,(anonymous_12)
FNF:13
FNH:1
FNDA:15,RegisterScreen
FNDA:0,validateEmail
FNDA:0,validateForm
FNDA:0,handleRegister
FNDA:0,(anonymous_4)
FNDA:0,(anonymous_5)
FNDA:0,(anonymous_6)
FNDA:0,(anonymous_7)
FNDA:0,(anonymous_8)
FNDA:0,(anonymous_9)
FNDA:0,(anonymous_10)
FNDA:0,(anonymous_11)
FNDA:0,(anonymous_12)
DA:12,15
DA:13,0
DA:20,0
DA:21,0
DA:22,0
DA:23,0
DA:26,0
DA:30,0
DA:32,0
DA:33,0
DA:34,0
DA:35,0
DA:38,0
DA:39,0
DA:40,0
DA:41,0
DA:44,0
DA:45,0
DA:46,0
DA:47,0
DA:50,0
DA:51,0
DA:54,0
DA:55,0
DA:59,0
DA:60,0
DA:62,0
DA:64,0
DA:72,0
DA:73,0
DA:75,0
DA:77,0
DA:78,0
DA:79,0
DA:80,0
DA:83,0
DA:85,0
DA:89,0
DA:108,0
DA:117,0
DA:127,0
DA:138,0
DA:169,1
LF:43
LH:2
BRDA:32,0,0,0
BRDA:32,0,1,0
BRDA:34,1,0,0
BRDA:34,1,1,0
BRDA:38,2,0,0
BRDA:38,2,1,0
BRDA:40,3,0,0
BRDA:40,3,1,0
BRDA:44,4,0,0
BRDA:44,4,1,0
BRDA:46,5,0,0
BRDA:46,5,1,0
BRDA:50,6,0,0
BRDA:50,6,1,0
BRDA:62,7,0,0
BRDA:62,7,1,0
BRDA:145,8,0,0
BRDA:145,8,1,0
BRDA:149,9,0,0
BRDA:149,9,1,0
BRDA:154,10,0,0
BRDA:154,10,1,0
BRF:22
BRH:0
end_of_record
TN:
SF:src\services\api.js
FN:13,(anonymous_0)
FN:22,(anonymous_1)
FNF:2
FNH:1
FNDA:10,(anonymous_0)
FNDA:0,(anonymous_1)
DA:4,1
DA:12,1
DA:14,10
DA:16,10
DA:17,0
DA:20,10
DA:22,0
LF:7
LH:5
BRDA:16,0,0,0
BRDA:16,0,1,10
BRF:2
BRH:1
end_of_record
TN:
SF:src\services\tokenService.js
FN:5,saveToken
FN:9,getToken
FN:13,removeToken
FNF:3
FNH:1
FNDA:0,saveToken
FNDA:10,getToken
FNDA:0,removeToken
DA:3,2
DA:6,0
DA:10,10
DA:14,0
LF:4
LH:2
BRF:0
BRH:0
end_of_record
TN:
SF:src\services\tripService.js
FN:11,(anonymous_0)
FN:16,(anonymous_1)
FN:19,extractError
FN:23,getTripById
FN:32,getTripsByUser
FN:41,createTrip
FN:50,updateTrip
FN:59,addTripImage
FNF:8
FNH:6
FNDA:0,(anonymous_0)
FNDA:0,(anonymous_1)
FNDA:6,extractError
FNDA:3,getTripById
FNDA:2,getTripsByUser
FNDA:2,createTrip
FNDA:2,updateTrip
FNDA:4,addTripImage
DA:4,1
DA:10,1
DA:12,0
DA:13,0
DA:14,0
DA:16,0
DA:20,6
DA:24,3
DA:25,3
DA:26,1
DA:28,2
DA:33,2
DA:34,2
DA:35,1
DA:37,1
DA:42,2
DA:43,2
DA:44,1
DA:46,1
DA:51,2
DA:52,2
DA:53,1
DA:55,1
DA:60,4
DA:61,4
DA:62,4
DA:67,4
DA:70,3
DA:72,1
LF:29
LH:25
BRDA:13,0,0,0
BRDA:13,0,1,0
BRDA:20,1,0,6
BRDA:20,1,1,1
BRDA:20,1,2,0
BRDA:64,2,0,4
BRDA:64,2,1,1
BRDA:65,3,0,4
BRDA:65,3,1,1
BRF:9
BRH:6
end_of_record
TN:
SF:src\services\userService.js
FN:3,extractError
FN:11,getProfile
FN:19,updateProfile
FNF:3
FNH:1
FNDA:0,extractError
FNDA:10,getProfile
FNDA:0,updateProfile
DA:4,0
DA:5,0
DA:8,0
DA:12,10
DA:13,10
DA:14,0
DA:16,0
DA:20,0
DA:21,0
DA:22,0
DA:24,0
LF:11
LH:2
BRDA:4,0,0,0
BRDA:4,0,1,0
BRDA:8,1,0,0
BRDA:8,1,1,0
BRF:4
BRH:0
end_of_record
