{"C:\\Users\\Mohab\\Documents\\LaFosse Academy\\Beta-project\\footprint-mobile-app\\server\\app.js": {"path":"C:\\Users\\Mohab\\Documents\\LaFosse Academy\\Beta-project\\footprint-mobile-app\\server\\app.js","statementMap":{"0":{"start":{"line":2,"column":16},"end":{"line":2,"column":34}},"1":{"start":{"line":3,"column":13},"end":{"line":3,"column":28}},"2":{"start":{"line":4,"column":13},"end":{"line":4,"column":28}},"3":{"start":{"line":7,"column":19},"end":{"line":7,"column":43}},"4":{"start":{"line":8,"column":22},"end":{"line":8,"column":49}},"5":{"start":{"line":9,"column":22},"end":{"line":9,"column":57}},"6":{"start":{"line":10,"column":19},"end":{"line":10,"column":43}},"7":{"start":{"line":11,"column":24},"end":{"line":11,"column":53}},"8":{"start":{"line":14,"column":12},"end":{"line":14,"column":21}},"9":{"start":{"line":17,"column":0},"end":{"line":17,"column":24}},"10":{"start":{"line":18,"column":0},"end":{"line":18,"column":16}},"11":{"start":{"line":19,"column":0},"end":{"line":19,"column":59}},"12":{"start":{"line":22,"column":0},"end":{"line":22,"column":29}},"13":{"start":{"line":23,"column":0},"end":{"line":23,"column":35}},"14":{"start":{"line":24,"column":0},"end":{"line":24,"column":35}},"15":{"start":{"line":25,"column":0},"end":{"line":25,"column":29}},"16":{"start":{"line":26,"column":0},"end":{"line":26,"column":35}},"17":{"start":{"line":28,"column":0},"end":{"line":30,"column":3}},"18":{"start":{"line":29,"column":2},"end":{"line":29,"column":42}},"19":{"start":{"line":32,"column":0},"end":{"line":32,"column":21}}},"fnMap":{"0":{"name":"(anonymous_0)","decl":{"start":{"line":28,"column":13},"end":{"line":28,"column":14}},"loc":{"start":{"line":28,"column":27},"end":{"line":30,"column":1}},"line":28}},"branchMap":{},"s":{"0":2,"1":2,"2":2,"3":2,"4":2,"5":2,"6":2,"7":2,"8":2,"9":2,"10":2,"11":2,"12":2,"13":2,"14":2,"15":2,"16":2,"17":2,"18":0,"19":2},"f":{"0":0},"b":{},"_coverageSchema":"1a1c01bbd47fc00a2c39e90264f33305004495a9","hash":"0c10484dbfd7586f9feb86540ffa2d086f981d41"}
,"C:\\Users\\Mohab\\Documents\\LaFosse Academy\\Beta-project\\footprint-mobile-app\\server\\controllers\\country.js": {"path":"C:\\Users\\Mohab\\Documents\\LaFosse Academy\\Beta-project\\footprint-mobile-app\\server\\controllers\\country.js","statementMap":{"0":{"start":{"line":1,"column":16},"end":{"line":1,"column":44}},"1":{"start":{"line":4,"column":2},"end":{"line":9,"column":3}},"2":{"start":{"line":5,"column":22},"end":{"line":5,"column":44}},"3":{"start":{"line":6,"column":4},"end":{"line":6,"column":36}},"4":{"start":{"line":8,"column":4},"end":{"line":8,"column":51}},"5":{"start":{"line":13,"column":2},"end":{"line":18,"column":3}},"6":{"start":{"line":14,"column":20},"end":{"line":14,"column":56}},"7":{"start":{"line":15,"column":4},"end":{"line":15,"column":34}},"8":{"start":{"line":17,"column":4},"end":{"line":17,"column":51}},"9":{"start":{"line":22,"column":2},"end":{"line":27,"column":3}},"10":{"start":{"line":23,"column":19},"end":{"line":23,"column":66}},"11":{"start":{"line":24,"column":4},"end":{"line":24,"column":33}},"12":{"start":{"line":26,"column":4},"end":{"line":26,"column":51}},"13":{"start":{"line":30,"column":0},"end":{"line":30,"column":73}}},"fnMap":{"0":{"name":"getAllCountries","decl":{"start":{"line":3,"column":15},"end":{"line":3,"column":30}},"loc":{"start":{"line":3,"column":41},"end":{"line":10,"column":1}},"line":3},"1":{"name":"getCountryById","decl":{"start":{"line":12,"column":15},"end":{"line":12,"column":29}},"loc":{"start":{"line":12,"column":40},"end":{"line":19,"column":1}},"line":12},"2":{"name":"getCitiesByCountry","decl":{"start":{"line":21,"column":15},"end":{"line":21,"column":33}},"loc":{"start":{"line":21,"column":44},"end":{"line":28,"column":1}},"line":21}},"branchMap":{},"s":{"0":2,"1":3,"2":3,"3":3,"4":0,"5":2,"6":2,"7":1,"8":1,"9":1,"10":1,"11":1,"12":0,"13":2},"f":{"0":3,"1":2,"2":1},"b":{},"_coverageSchema":"1a1c01bbd47fc00a2c39e90264f33305004495a9","hash":"2f22d2c8436cda89029a457bf55608830197422c"}
,"C:\\Users\\Mohab\\Documents\\LaFosse Academy\\Beta-project\\footprint-mobile-app\\server\\controllers\\trip.js": {"path":"C:\\Users\\Mohab\\Documents\\LaFosse Academy\\Beta-project\\footprint-mobile-app\\server\\controllers\\trip.js","statementMap":{"0":{"start":{"line":1,"column":13},"end":{"line":1,"column":38}},"1":{"start":{"line":4,"column":2},"end":{"line":9,"column":3}},"2":{"start":{"line":5,"column":18},"end":{"line":5,"column":57}},"3":{"start":{"line":6,"column":4},"end":{"line":6,"column":32}},"4":{"start":{"line":8,"column":4},"end":{"line":8,"column":51}},"5":{"start":{"line":13,"column":2},"end":{"line":18,"column":3}},"6":{"start":{"line":14,"column":17},"end":{"line":14,"column":50}},"7":{"start":{"line":15,"column":4},"end":{"line":15,"column":31}},"8":{"start":{"line":17,"column":4},"end":{"line":17,"column":51}},"9":{"start":{"line":22,"column":2},"end":{"line":27,"column":3}},"10":{"start":{"line":23,"column":17},"end":{"line":23,"column":56}},"11":{"start":{"line":24,"column":4},"end":{"line":24,"column":31}},"12":{"start":{"line":26,"column":4},"end":{"line":26,"column":51}},"13":{"start":{"line":31,"column":2},"end":{"line":45,"column":3}},"14":{"start":{"line":32,"column":17},"end":{"line":40,"column":5}},"15":{"start":{"line":41,"column":17},"end":{"line":41,"column":40}},"16":{"start":{"line":42,"column":4},"end":{"line":42,"column":31}},"17":{"start":{"line":44,"column":4},"end":{"line":44,"column":51}},"18":{"start":{"line":49,"column":2},"end":{"line":66,"column":3}},"19":{"start":{"line":50,"column":4},"end":{"line":52,"column":5}},"20":{"start":{"line":51,"column":6},"end":{"line":51,"column":71}},"21":{"start":{"line":54,"column":22},"end":{"line":54,"column":35}},"22":{"start":{"line":55,"column":20},"end":{"line":55,"column":44}},"23":{"start":{"line":57,"column":18},"end":{"line":61,"column":5}},"24":{"start":{"line":63,"column":4},"end":{"line":63,"column":32}},"25":{"start":{"line":65,"column":4},"end":{"line":65,"column":51}},"26":{"start":{"line":70,"column":4},"end":{"line":75,"column":5}},"27":{"start":{"line":71,"column":23},"end":{"line":71,"column":58}},"28":{"start":{"line":72,"column":8},"end":{"line":72,"column":37}},"29":{"start":{"line":74,"column":8},"end":{"line":74,"column":54}},"30":{"start":{"line":79,"column":2},"end":{"line":84,"column":3}},"31":{"start":{"line":80,"column":17},"end":{"line":80,"column":72}},"32":{"start":{"line":81,"column":4},"end":{"line":81,"column":31}},"33":{"start":{"line":83,"column":4},"end":{"line":83,"column":51}},"34":{"start":{"line":88,"column":2},"end":{"line":93,"column":3}},"35":{"start":{"line":89,"column":20},"end":{"line":89,"column":77}},"36":{"start":{"line":90,"column":4},"end":{"line":90,"column":64}},"37":{"start":{"line":92,"column":4},"end":{"line":92,"column":51}},"38":{"start":{"line":97,"column":2},"end":{"line":102,"column":3}},"39":{"start":{"line":98,"column":20},"end":{"line":98,"column":65}},"40":{"start":{"line":99,"column":4},"end":{"line":99,"column":63}},"41":{"start":{"line":101,"column":4},"end":{"line":101,"column":51}},"42":{"start":{"line":105,"column":0},"end":{"line":105,"column":135}}},"fnMap":{"0":{"name":"getTripsByUser","decl":{"start":{"line":3,"column":15},"end":{"line":3,"column":29}},"loc":{"start":{"line":3,"column":40},"end":{"line":10,"column":1}},"line":3},"1":{"name":"getTripById","decl":{"start":{"line":12,"column":15},"end":{"line":12,"column":26}},"loc":{"start":{"line":12,"column":37},"end":{"line":19,"column":1}},"line":12},"2":{"name":"getTripByToken","decl":{"start":{"line":21,"column":15},"end":{"line":21,"column":29}},"loc":{"start":{"line":21,"column":40},"end":{"line":28,"column":1}},"line":21},"3":{"name":"createTrip","decl":{"start":{"line":30,"column":15},"end":{"line":30,"column":25}},"loc":{"start":{"line":30,"column":36},"end":{"line":46,"column":1}},"line":30},"4":{"name":"addImage","decl":{"start":{"line":48,"column":15},"end":{"line":48,"column":23}},"loc":{"start":{"line":48,"column":34},"end":{"line":67,"column":1}},"line":48},"5":{"name":"getImages","decl":{"start":{"line":69,"column":15},"end":{"line":69,"column":24}},"loc":{"start":{"line":69,"column":35},"end":{"line":76,"column":1}},"line":69},"6":{"name":"updateTrip","decl":{"start":{"line":78,"column":15},"end":{"line":78,"column":25}},"loc":{"start":{"line":78,"column":36},"end":{"line":85,"column":1}},"line":78},"7":{"name":"deleteImage","decl":{"start":{"line":87,"column":15},"end":{"line":87,"column":26}},"loc":{"start":{"line":87,"column":37},"end":{"line":94,"column":1}},"line":87},"8":{"name":"deleteTrip","decl":{"start":{"line":96,"column":15},"end":{"line":96,"column":25}},"loc":{"start":{"line":96,"column":36},"end":{"line":103,"column":1}},"line":96}},"branchMap":{"0":{"loc":{"start":{"line":50,"column":4},"end":{"line":52,"column":5}},"type":"if","locations":[{"start":{"line":50,"column":4},"end":{"line":52,"column":5}},{"start":{},"end":{}}],"line":50},"1":{"loc":{"start":{"line":55,"column":20},"end":{"line":55,"column":44}},"type":"binary-expr","locations":[{"start":{"line":55,"column":20},"end":{"line":55,"column":36}},{"start":{"line":55,"column":40},"end":{"line":55,"column":44}}],"line":55}},"s":{"0":2,"1":0,"2":0,"3":0,"4":0,"5":0,"6":0,"7":0,"8":0,"9":0,"10":0,"11":0,"12":0,"13":0,"14":0,"15":0,"16":0,"17":0,"18":0,"19":0,"20":0,"21":0,"22":0,"23":0,"24":0,"25":0,"26":0,"27":0,"28":0,"29":0,"30":0,"31":0,"32":0,"33":0,"34":0,"35":0,"36":0,"37":0,"38":0,"39":0,"40":0,"41":0,"42":2},"f":{"0":0,"1":0,"2":0,"3":0,"4":0,"5":0,"6":0,"7":0,"8":0},"b":{"0":[0,0],"1":[0,0]},"_coverageSchema":"1a1c01bbd47fc00a2c39e90264f33305004495a9","hash":"808200637065a02102b1a3e9710fadf0bfa43892"}
,"C:\\Users\\Mohab\\Documents\\LaFosse Academy\\Beta-project\\footprint-mobile-app\\server\\controllers\\user.js": {"path":"C:\\Users\\Mohab\\Documents\\LaFosse Academy\\Beta-project\\footprint-mobile-app\\server\\controllers\\user.js","statementMap":{"0":{"start":{"line":1,"column":13},"end":{"line":1,"column":38}},"1":{"start":{"line":2,"column":15},"end":{"line":2,"column":32}},"2":{"start":{"line":3,"column":12},"end":{"line":3,"column":35}},"3":{"start":{"line":7,"column":2},"end":{"line":15,"column":3}},"4":{"start":{"line":8,"column":17},"end":{"line":8,"column":25}},"5":{"start":{"line":9,"column":17},"end":{"line":9,"column":79}},"6":{"start":{"line":10,"column":4},"end":{"line":10,"column":59}},"7":{"start":{"line":11,"column":20},"end":{"line":11,"column":43}},"8":{"start":{"line":12,"column":4},"end":{"line":12,"column":34}},"9":{"start":{"line":14,"column":4},"end":{"line":14,"column":51}},"10":{"start":{"line":20,"column":33},"end":{"line":20,"column":41}},"11":{"start":{"line":22,"column":2},"end":{"line":48,"column":3}},"12":{"start":{"line":23,"column":17},"end":{"line":23,"column":51}},"13":{"start":{"line":25,"column":4},"end":{"line":27,"column":5}},"14":{"start":{"line":26,"column":6},"end":{"line":26,"column":75}},"15":{"start":{"line":28,"column":18},"end":{"line":28,"column":63}},"16":{"start":{"line":30,"column":4},"end":{"line":32,"column":5}},"17":{"start":{"line":31,"column":6},"end":{"line":31,"column":75}},"18":{"start":{"line":34,"column":18},"end":{"line":40,"column":5}},"19":{"start":{"line":42,"column":4},"end":{"line":45,"column":7}},"20":{"start":{"line":47,"column":4},"end":{"line":47,"column":47}},"21":{"start":{"line":53,"column":0},"end":{"line":56,"column":2}}},"fnMap":{"0":{"name":"register","decl":{"start":{"line":6,"column":15},"end":{"line":6,"column":23}},"loc":{"start":{"line":6,"column":34},"end":{"line":16,"column":1}},"line":6},"1":{"name":"login","decl":{"start":{"line":19,"column":15},"end":{"line":19,"column":20}},"loc":{"start":{"line":19,"column":31},"end":{"line":49,"column":1}},"line":19},"2":{"name":"updateUser","decl":{"start":{"line":51,"column":15},"end":{"line":51,"column":25}},"loc":{"start":{"line":51,"column":36},"end":{"line":51,"column":38}},"line":51}},"branchMap":{"0":{"loc":{"start":{"line":25,"column":4},"end":{"line":27,"column":5}},"type":"if","locations":[{"start":{"line":25,"column":4},"end":{"line":27,"column":5}},{"start":{},"end":{}}],"line":25},"1":{"loc":{"start":{"line":30,"column":4},"end":{"line":32,"column":5}},"type":"if","locations":[{"start":{"line":30,"column":4},"end":{"line":32,"column":5}},{"start":{},"end":{}}],"line":30}},"s":{"0":2,"1":2,"2":2,"3":4,"4":4,"5":4,"6":4,"7":3,"8":2,"9":2,"10":4,"11":4,"12":4,"13":3,"14":0,"15":3,"16":3,"17":1,"18":2,"19":2,"20":1,"21":2},"f":{"0":4,"1":4,"2":0},"b":{"0":[0,3],"1":[1,2]},"_coverageSchema":"1a1c01bbd47fc00a2c39e90264f33305004495a9","hash":"27080f23739c489fc835f7abcc3be890ef0d9f49"}
,"C:\\Users\\Mohab\\Documents\\LaFosse Academy\\Beta-project\\footprint-mobile-app\\server\\controllers\\userStats.js": {"path":"C:\\Users\\Mohab\\Documents\\LaFosse Academy\\Beta-project\\footprint-mobile-app\\server\\controllers\\userStats.js","statementMap":{"0":{"start":{"line":1,"column":18},"end":{"line":1,"column":48}},"1":{"start":{"line":4,"column":2},"end":{"line":17,"column":3}},"2":{"start":{"line":5,"column":23},"end":{"line":5,"column":33}},"3":{"start":{"line":6,"column":18},"end":{"line":6,"column":50}},"4":{"start":{"line":7,"column":23},"end":{"line":7,"column":68}},"5":{"start":{"line":8,"column":24},"end":{"line":8,"column":66}},"6":{"start":{"line":10,"column":4},"end":{"line":14,"column":7}},"7":{"start":{"line":16,"column":4},"end":{"line":16,"column":51}},"8":{"start":{"line":20,"column":0},"end":{"line":20,"column":30}}},"fnMap":{"0":{"name":"getStats","decl":{"start":{"line":3,"column":15},"end":{"line":3,"column":23}},"loc":{"start":{"line":3,"column":34},"end":{"line":18,"column":1}},"line":3}},"branchMap":{},"s":{"0":2,"1":0,"2":0,"3":0,"4":0,"5":0,"6":0,"7":0,"8":2},"f":{"0":0},"b":{},"_coverageSchema":"1a1c01bbd47fc00a2c39e90264f33305004495a9","hash":"3baf471f2fe22831bf709e30d124ada5fdf14fac"}
,"C:\\Users\\Mohab\\Documents\\LaFosse Academy\\Beta-project\\footprint-mobile-app\\server\\controllers\\visitedLocation.js": {"path":"C:\\Users\\Mohab\\Documents\\LaFosse Academy\\Beta-project\\footprint-mobile-app\\server\\controllers\\visitedLocation.js","statementMap":{"0":{"start":{"line":1,"column":24},"end":{"line":1,"column":60}},"1":{"start":{"line":4,"column":2},"end":{"line":9,"column":3}},"2":{"start":{"line":5,"column":19},"end":{"line":5,"column":69}},"3":{"start":{"line":6,"column":4},"end":{"line":6,"column":33}},"4":{"start":{"line":8,"column":4},"end":{"line":8,"column":51}},"5":{"start":{"line":13,"column":2},"end":{"line":26,"column":3}},"6":{"start":{"line":14,"column":17},"end":{"line":21,"column":5}},"7":{"start":{"line":22,"column":18},"end":{"line":22,"column":52}},"8":{"start":{"line":23,"column":4},"end":{"line":23,"column":32}},"9":{"start":{"line":25,"column":4},"end":{"line":25,"column":51}},"10":{"start":{"line":30,"column":2},"end":{"line":40,"column":3}},"11":{"start":{"line":31,"column":28},"end":{"line":31,"column":36}},"12":{"start":{"line":32,"column":20},"end":{"line":32,"column":31}},"13":{"start":{"line":33,"column":19},"end":{"line":33,"column":73}},"14":{"start":{"line":34,"column":4},"end":{"line":37,"column":7}},"15":{"start":{"line":39,"column":4},"end":{"line":39,"column":51}},"16":{"start":{"line":44,"column":2},"end":{"line":49,"column":3}},"17":{"start":{"line":45,"column":20},"end":{"line":45,"column":76}},"18":{"start":{"line":46,"column":4},"end":{"line":46,"column":64}},"19":{"start":{"line":48,"column":4},"end":{"line":48,"column":51}},"20":{"start":{"line":52,"column":0},"end":{"line":52,"column":82}}},"fnMap":{"0":{"name":"getVisitedByUser","decl":{"start":{"line":3,"column":15},"end":{"line":3,"column":31}},"loc":{"start":{"line":3,"column":42},"end":{"line":10,"column":1}},"line":3},"1":{"name":"createVisit","decl":{"start":{"line":12,"column":15},"end":{"line":12,"column":26}},"loc":{"start":{"line":12,"column":37},"end":{"line":27,"column":1}},"line":12},"2":{"name":"bulkCreateVisits","decl":{"start":{"line":29,"column":15},"end":{"line":29,"column":31}},"loc":{"start":{"line":29,"column":42},"end":{"line":41,"column":1}},"line":29},"3":{"name":"deleteVisit","decl":{"start":{"line":43,"column":15},"end":{"line":43,"column":26}},"loc":{"start":{"line":43,"column":37},"end":{"line":50,"column":1}},"line":43}},"branchMap":{},"s":{"0":2,"1":0,"2":0,"3":0,"4":0,"5":0,"6":0,"7":0,"8":0,"9":0,"10":0,"11":0,"12":0,"13":0,"14":0,"15":0,"16":0,"17":0,"18":0,"19":0,"20":2},"f":{"0":0,"1":0,"2":0,"3":0},"b":{},"_coverageSchema":"1a1c01bbd47fc00a2c39e90264f33305004495a9","hash":"8bfa57d165dc5ac7c39eaedd4fd9e2fa7db0ba36"}
,"C:\\Users\\Mohab\\Documents\\LaFosse Academy\\Beta-project\\footprint-mobile-app\\server\\database\\connect.js": {"path":"C:\\Users\\Mohab\\Documents\\LaFosse Academy\\Beta-project\\footprint-mobile-app\\server\\database\\connect.js","statementMap":{"0":{"start":{"line":1,"column":0},"end":{"line":1,"column":27}},"1":{"start":{"line":2,"column":17},"end":{"line":2,"column":30}},"2":{"start":{"line":4,"column":25},"end":{"line":6,"column":24}},"3":{"start":{"line":8,"column":13},"end":{"line":11,"column":2}},"4":{"start":{"line":13,"column":0},"end":{"line":13,"column":22}}},"fnMap":{},"branchMap":{"0":{"loc":{"start":{"line":4,"column":25},"end":{"line":6,"column":24}},"type":"cond-expr","locations":[{"start":{"line":5,"column":6},"end":{"line":5,"column":29}},{"start":{"line":6,"column":6},"end":{"line":6,"column":24}}],"line":4}},"s":{"0":2,"1":2,"2":2,"3":2,"4":2},"f":{},"b":{"0":[2,0]},"_coverageSchema":"1a1c01bbd47fc00a2c39e90264f33305004495a9","hash":"5e681910fcd71660ab551b50ec4207074bb6d86d"}
,"C:\\Users\\Mohab\\Documents\\LaFosse Academy\\Beta-project\\footprint-mobile-app\\server\\middleware\\authenticator.js": {"path":"C:\\Users\\Mohab\\Documents\\LaFosse Academy\\Beta-project\\footprint-mobile-app\\server\\middleware\\authenticator.js","statementMap":{"0":{"start":{"line":1,"column":12},"end":{"line":1,"column":35}},"1":{"start":{"line":5,"column":21},"end":{"line":5,"column":49}},"2":{"start":{"line":6,"column":2},"end":{"line":8,"column":3}},"3":{"start":{"line":7,"column":4},"end":{"line":7,"column":62}},"4":{"start":{"line":10,"column":16},"end":{"line":10,"column":40}},"5":{"start":{"line":11,"column":2},"end":{"line":13,"column":3}},"6":{"start":{"line":12,"column":4},"end":{"line":12,"column":62}},"7":{"start":{"line":15,"column":2},"end":{"line":26,"column":3}},"8":{"start":{"line":16,"column":4},"end":{"line":23,"column":7}},"9":{"start":{"line":17,"column":6},"end":{"line":22,"column":7}},"10":{"start":{"line":18,"column":8},"end":{"line":18,"column":55}},"11":{"start":{"line":20,"column":8},"end":{"line":20,"column":27}},"12":{"start":{"line":21,"column":8},"end":{"line":21,"column":15}},"13":{"start":{"line":25,"column":4},"end":{"line":25,"column":55}},"14":{"start":{"line":29,"column":0},"end":{"line":29,"column":31}}},"fnMap":{"0":{"name":"authenticator","decl":{"start":{"line":3,"column":9},"end":{"line":3,"column":22}},"loc":{"start":{"line":3,"column":39},"end":{"line":27,"column":1}},"line":3},"1":{"name":"(anonymous_1)","decl":{"start":{"line":16,"column":48},"end":{"line":16,"column":49}},"loc":{"start":{"line":16,"column":66},"end":{"line":23,"column":5}},"line":16}},"branchMap":{"0":{"loc":{"start":{"line":6,"column":2},"end":{"line":8,"column":3}},"type":"if","locations":[{"start":{"line":6,"column":2},"end":{"line":8,"column":3}},{"start":{},"end":{}}],"line":6},"1":{"loc":{"start":{"line":11,"column":2},"end":{"line":13,"column":3}},"type":"if","locations":[{"start":{"line":11,"column":2},"end":{"line":13,"column":3}},{"start":{},"end":{}}],"line":11},"2":{"loc":{"start":{"line":15,"column":2},"end":{"line":26,"column":3}},"type":"if","locations":[{"start":{"line":15,"column":2},"end":{"line":26,"column":3}},{"start":{"line":24,"column":9},"end":{"line":26,"column":3}}],"line":15},"3":{"loc":{"start":{"line":17,"column":6},"end":{"line":22,"column":7}},"type":"if","locations":[{"start":{"line":17,"column":6},"end":{"line":22,"column":7}},{"start":{"line":19,"column":13},"end":{"line":22,"column":7}}],"line":17}},"s":{"0":2,"1":9,"2":9,"3":2,"4":7,"5":7,"6":0,"7":7,"8":7,"9":7,"10":1,"11":6,"12":6,"13":0,"14":2},"f":{"0":9,"1":7},"b":{"0":[2,7],"1":[0,7],"2":[7,0],"3":[1,6]},"_coverageSchema":"1a1c01bbd47fc00a2c39e90264f33305004495a9","hash":"a71507643bfea6cb0de4a52158df4f0597bcfa59"}
,"C:\\Users\\Mohab\\Documents\\LaFosse Academy\\Beta-project\\footprint-mobile-app\\server\\middleware\\upload.js": {"path":"C:\\Users\\Mohab\\Documents\\LaFosse Academy\\Beta-project\\footprint-mobile-app\\server\\middleware\\upload.js","statementMap":{"0":{"start":{"line":1,"column":19},"end":{"line":1,"column":43}},"1":{"start":{"line":2,"column":30},"end":{"line":2,"column":66}},"2":{"start":{"line":3,"column":15},"end":{"line":3,"column":32}},"3":{"start":{"line":5,"column":0},"end":{"line":9,"column":3}},"4":{"start":{"line":11,"column":16},"end":{"line":17,"column":2}},"5":{"start":{"line":19,"column":15},"end":{"line":19,"column":34}},"6":{"start":{"line":21,"column":0},"end":{"line":21,"column":24}}},"fnMap":{},"branchMap":{},"s":{"0":2,"1":2,"2":2,"3":2,"4":2,"5":2,"6":2},"f":{},"b":{},"_coverageSchema":"1a1c01bbd47fc00a2c39e90264f33305004495a9","hash":"62b5aa368206938030020cd830ee58df01ece5cc"}
,"C:\\Users\\Mohab\\Documents\\LaFosse Academy\\Beta-project\\footprint-mobile-app\\server\\models\\Country.js": {"path":"C:\\Users\\Mohab\\Documents\\LaFosse Academy\\Beta-project\\footprint-mobile-app\\server\\models\\Country.js","statementMap":{"0":{"start":{"line":1,"column":11},"end":{"line":1,"column":44}},"1":{"start":{"line":5,"column":4},"end":{"line":5,"column":17}},"2":{"start":{"line":6,"column":4},"end":{"line":6,"column":21}},"3":{"start":{"line":7,"column":4},"end":{"line":7,"column":31}},"4":{"start":{"line":8,"column":4},"end":{"line":8,"column":29}},"5":{"start":{"line":9,"column":4},"end":{"line":9,"column":29}},"6":{"start":{"line":13,"column":19},"end":{"line":15,"column":5}},"7":{"start":{"line":16,"column":4},"end":{"line":18,"column":5}},"8":{"start":{"line":17,"column":6},"end":{"line":17,"column":44}},"9":{"start":{"line":19,"column":4},"end":{"line":21,"column":6}},"10":{"start":{"line":20,"column":15},"end":{"line":20,"column":87}},"11":{"start":{"line":25,"column":19},"end":{"line":28,"column":5}},"12":{"start":{"line":29,"column":4},"end":{"line":31,"column":5}},"13":{"start":{"line":30,"column":6},"end":{"line":30,"column":43}},"14":{"start":{"line":32,"column":16},"end":{"line":32,"column":30}},"15":{"start":{"line":33,"column":4},"end":{"line":33,"column":84}},"16":{"start":{"line":37,"column":19},"end":{"line":40,"column":5}},"17":{"start":{"line":41,"column":4},"end":{"line":43,"column":5}},"18":{"start":{"line":42,"column":6},"end":{"line":42,"column":43}},"19":{"start":{"line":44,"column":16},"end":{"line":44,"column":30}},"20":{"start":{"line":45,"column":4},"end":{"line":45,"column":84}},"21":{"start":{"line":49,"column":19},"end":{"line":52,"column":5}},"22":{"start":{"line":53,"column":4},"end":{"line":53,"column":23}},"23":{"start":{"line":57,"column":0},"end":{"line":57,"column":25}}},"fnMap":{"0":{"name":"(anonymous_0)","decl":{"start":{"line":4,"column":2},"end":{"line":4,"column":3}},"loc":{"start":{"line":4,"column":55},"end":{"line":10,"column":3}},"line":4},"1":{"name":"(anonymous_1)","decl":{"start":{"line":12,"column":2},"end":{"line":12,"column":3}},"loc":{"start":{"line":12,"column":24},"end":{"line":22,"column":3}},"line":12},"2":{"name":"(anonymous_2)","decl":{"start":{"line":20,"column":6},"end":{"line":20,"column":7}},"loc":{"start":{"line":20,"column":15},"end":{"line":20,"column":87}},"line":20},"3":{"name":"(anonymous_3)","decl":{"start":{"line":24,"column":2},"end":{"line":24,"column":3}},"loc":{"start":{"line":24,"column":27},"end":{"line":34,"column":3}},"line":24},"4":{"name":"(anonymous_4)","decl":{"start":{"line":36,"column":2},"end":{"line":36,"column":3}},"loc":{"start":{"line":36,"column":38},"end":{"line":46,"column":3}},"line":36},"5":{"name":"(anonymous_5)","decl":{"start":{"line":48,"column":2},"end":{"line":48,"column":3}},"loc":{"start":{"line":48,"column":46},"end":{"line":54,"column":3}},"line":48}},"branchMap":{"0":{"loc":{"start":{"line":16,"column":4},"end":{"line":18,"column":5}},"type":"if","locations":[{"start":{"line":16,"column":4},"end":{"line":18,"column":5}},{"start":{},"end":{}}],"line":16},"1":{"loc":{"start":{"line":29,"column":4},"end":{"line":31,"column":5}},"type":"if","locations":[{"start":{"line":29,"column":4},"end":{"line":31,"column":5}},{"start":{},"end":{}}],"line":29},"2":{"loc":{"start":{"line":41,"column":4},"end":{"line":43,"column":5}},"type":"if","locations":[{"start":{"line":41,"column":4},"end":{"line":43,"column":5}},{"start":{},"end":{}}],"line":41}},"s":{"0":2,"1":586,"2":586,"3":586,"4":586,"5":586,"6":3,"7":3,"8":0,"9":3,"10":585,"11":2,"12":2,"13":1,"14":1,"15":1,"16":0,"17":0,"18":0,"19":0,"20":0,"21":1,"22":1,"23":2},"f":{"0":586,"1":3,"2":585,"3":2,"4":0,"5":1},"b":{"0":[0,3],"1":[1,1],"2":[0,0]},"_coverageSchema":"1a1c01bbd47fc00a2c39e90264f33305004495a9","hash":"f4b0cbcc0089aa7f3a6c7d225043bac56e3b8e60"}
,"C:\\Users\\Mohab\\Documents\\LaFosse Academy\\Beta-project\\footprint-mobile-app\\server\\models\\Trip.js": {"path":"C:\\Users\\Mohab\\Documents\\LaFosse Academy\\Beta-project\\footprint-mobile-app\\server\\models\\Trip.js","statementMap":{"0":{"start":{"line":1,"column":11},"end":{"line":1,"column":44}},"1":{"start":{"line":2,"column":23},"end":{"line":2,"column":38}},"2":{"start":{"line":6,"column":4},"end":{"line":6,"column":17}},"3":{"start":{"line":7,"column":4},"end":{"line":7,"column":27}},"4":{"start":{"line":8,"column":4},"end":{"line":8,"column":23}},"5":{"start":{"line":9,"column":4},"end":{"line":9,"column":33}},"6":{"start":{"line":10,"column":4},"end":{"line":10,"column":29}},"7":{"start":{"line":11,"column":4},"end":{"line":11,"column":33}},"8":{"start":{"line":12,"column":4},"end":{"line":12,"column":23}},"9":{"start":{"line":13,"column":4},"end":{"line":13,"column":35}},"10":{"start":{"line":14,"column":4},"end":{"line":14,"column":21}},"11":{"start":{"line":15,"column":4},"end":{"line":15,"column":33}},"12":{"start":{"line":19,"column":19},"end":{"line":30,"column":5}},"13":{"start":{"line":31,"column":4},"end":{"line":31,"column":23}},"14":{"start":{"line":35,"column":17},"end":{"line":38,"column":5}},"15":{"start":{"line":40,"column":4},"end":{"line":42,"column":5}},"16":{"start":{"line":41,"column":6},"end":{"line":41,"column":40}},"17":{"start":{"line":44,"column":19},"end":{"line":50,"column":5}},"18":{"start":{"line":52,"column":19},"end":{"line":55,"column":5}},"19":{"start":{"line":57,"column":4},"end":{"line":61,"column":6}},"20":{"start":{"line":65,"column":17},"end":{"line":68,"column":5}},"21":{"start":{"line":70,"column":4},"end":{"line":72,"column":5}},"22":{"start":{"line":71,"column":6},"end":{"line":71,"column":40}},"23":{"start":{"line":74,"column":19},"end":{"line":80,"column":5}},"24":{"start":{"line":82,"column":19},"end":{"line":85,"column":5}},"25":{"start":{"line":87,"column":4},"end":{"line":91,"column":6}},"26":{"start":{"line":95,"column":66},"end":{"line":95,"column":70}},"27":{"start":{"line":96,"column":25},"end":{"line":96,"column":29}},"28":{"start":{"line":98,"column":4},"end":{"line":100,"column":5}},"29":{"start":{"line":99,"column":6},"end":{"line":99,"column":56}},"30":{"start":{"line":103,"column":4},"end":{"line":107,"column":5}},"31":{"start":{"line":104,"column":20},"end":{"line":104,"column":40}},"32":{"start":{"line":105,"column":18},"end":{"line":105,"column":36}},"33":{"start":{"line":106,"column":6},"end":{"line":106,"column":68}},"34":{"start":{"line":109,"column":24},"end":{"line":109,"column":32}},"35":{"start":{"line":111,"column":19},"end":{"line":115,"column":5}},"36":{"start":{"line":117,"column":16},"end":{"line":117,"column":30}},"37":{"start":{"line":118,"column":4},"end":{"line":121,"column":6}},"38":{"start":{"line":125,"column":4},"end":{"line":127,"column":5}},"39":{"start":{"line":126,"column":6},"end":{"line":126,"column":60}},"40":{"start":{"line":129,"column":19},"end":{"line":133,"column":5}},"41":{"start":{"line":135,"column":4},"end":{"line":135,"column":26}},"42":{"start":{"line":139,"column":19},"end":{"line":142,"column":5}},"43":{"start":{"line":143,"column":4},"end":{"line":143,"column":23}},"44":{"start":{"line":147,"column":69},"end":{"line":147,"column":73}},"45":{"start":{"line":150,"column":25},"end":{"line":150,"column":35}},"46":{"start":{"line":151,"column":4},"end":{"line":155,"column":5}},"47":{"start":{"line":152,"column":20},"end":{"line":152,"column":40}},"48":{"start":{"line":153,"column":18},"end":{"line":153,"column":36}},"49":{"start":{"line":154,"column":6},"end":{"line":154,"column":72}},"50":{"start":{"line":157,"column":19},"end":{"line":168,"column":5}},"51":{"start":{"line":170,"column":4},"end":{"line":172,"column":5}},"52":{"start":{"line":171,"column":6},"end":{"line":171,"column":72}},"53":{"start":{"line":174,"column":4},"end":{"line":174,"column":26}},"54":{"start":{"line":178,"column":19},"end":{"line":181,"column":5}},"55":{"start":{"line":182,"column":4},"end":{"line":184,"column":5}},"56":{"start":{"line":183,"column":6},"end":{"line":183,"column":73}},"57":{"start":{"line":185,"column":4},"end":{"line":185,"column":26}},"58":{"start":{"line":189,"column":19},"end":{"line":192,"column":5}},"59":{"start":{"line":193,"column":4},"end":{"line":195,"column":5}},"60":{"start":{"line":194,"column":6},"end":{"line":194,"column":72}},"61":{"start":{"line":196,"column":4},"end":{"line":196,"column":26}},"62":{"start":{"line":200,"column":0},"end":{"line":200,"column":22}}},"fnMap":{"0":{"name":"(anonymous_0)","decl":{"start":{"line":5,"column":2},"end":{"line":5,"column":3}},"loc":{"start":{"line":5,"column":106},"end":{"line":16,"column":3}},"line":5},"1":{"name":"(anonymous_1)","decl":{"start":{"line":18,"column":2},"end":{"line":18,"column":3}},"loc":{"start":{"line":18,"column":34},"end":{"line":32,"column":3}},"line":18},"2":{"name":"(anonymous_2)","decl":{"start":{"line":34,"column":2},"end":{"line":34,"column":3}},"loc":{"start":{"line":34,"column":27},"end":{"line":62,"column":3}},"line":34},"3":{"name":"(anonymous_3)","decl":{"start":{"line":64,"column":2},"end":{"line":64,"column":3}},"loc":{"start":{"line":64,"column":33},"end":{"line":92,"column":3}},"line":64},"4":{"name":"(anonymous_4)","decl":{"start":{"line":94,"column":2},"end":{"line":94,"column":3}},"loc":{"start":{"line":94,"column":28},"end":{"line":122,"column":3}},"line":94},"5":{"name":"(anonymous_5)","decl":{"start":{"line":124,"column":2},"end":{"line":124,"column":3}},"loc":{"start":{"line":124,"column":53},"end":{"line":136,"column":3}},"line":124},"6":{"name":"(anonymous_6)","decl":{"start":{"line":138,"column":2},"end":{"line":138,"column":3}},"loc":{"start":{"line":138,"column":34},"end":{"line":144,"column":3}},"line":138},"7":{"name":"(anonymous_7)","decl":{"start":{"line":146,"column":2},"end":{"line":146,"column":3}},"loc":{"start":{"line":146,"column":41},"end":{"line":175,"column":3}},"line":146},"8":{"name":"(anonymous_8)","decl":{"start":{"line":177,"column":2},"end":{"line":177,"column":3}},"loc":{"start":{"line":177,"column":46},"end":{"line":186,"column":3}},"line":177},"9":{"name":"(anonymous_9)","decl":{"start":{"line":188,"column":2},"end":{"line":188,"column":3}},"loc":{"start":{"line":188,"column":35},"end":{"line":197,"column":3}},"line":188}},"branchMap":{"0":{"loc":{"start":{"line":40,"column":4},"end":{"line":42,"column":5}},"type":"if","locations":[{"start":{"line":40,"column":4},"end":{"line":42,"column":5}},{"start":{},"end":{}}],"line":40},"1":{"loc":{"start":{"line":70,"column":4},"end":{"line":72,"column":5}},"type":"if","locations":[{"start":{"line":70,"column":4},"end":{"line":72,"column":5}},{"start":{},"end":{}}],"line":70},"2":{"loc":{"start":{"line":98,"column":4},"end":{"line":100,"column":5}},"type":"if","locations":[{"start":{"line":98,"column":4},"end":{"line":100,"column":5}},{"start":{},"end":{}}],"line":98},"3":{"loc":{"start":{"line":98,"column":8},"end":{"line":98,"column":26}},"type":"binary-expr","locations":[{"start":{"line":98,"column":8},"end":{"line":98,"column":16}},{"start":{"line":98,"column":20},"end":{"line":98,"column":26}}],"line":98},"4":{"loc":{"start":{"line":103,"column":4},"end":{"line":107,"column":5}},"type":"if","locations":[{"start":{"line":103,"column":4},"end":{"line":107,"column":5}},{"start":{},"end":{}}],"line":103},"5":{"loc":{"start":{"line":103,"column":8},"end":{"line":103,"column":30}},"type":"binary-expr","locations":[{"start":{"line":103,"column":8},"end":{"line":103,"column":18}},{"start":{"line":103,"column":22},"end":{"line":103,"column":30}}],"line":103},"6":{"loc":{"start":{"line":114,"column":23},"end":{"line":114,"column":41}},"type":"binary-expr","locations":[{"start":{"line":114,"column":23},"end":{"line":114,"column":33}},{"start":{"line":114,"column":37},"end":{"line":114,"column":41}}],"line":114},"7":{"loc":{"start":{"line":114,"column":43},"end":{"line":114,"column":59}},"type":"binary-expr","locations":[{"start":{"line":114,"column":43},"end":{"line":114,"column":51}},{"start":{"line":114,"column":55},"end":{"line":114,"column":59}}],"line":114},"8":{"loc":{"start":{"line":114,"column":61},"end":{"line":114,"column":79}},"type":"binary-expr","locations":[{"start":{"line":114,"column":61},"end":{"line":114,"column":71}},{"start":{"line":114,"column":75},"end":{"line":114,"column":79}}],"line":114},"9":{"loc":{"start":{"line":114,"column":81},"end":{"line":114,"column":94}},"type":"binary-expr","locations":[{"start":{"line":114,"column":81},"end":{"line":114,"column":86}},{"start":{"line":114,"column":90},"end":{"line":114,"column":94}}],"line":114},"10":{"loc":{"start":{"line":114,"column":96},"end":{"line":114,"column":108}},"type":"binary-expr","locations":[{"start":{"line":114,"column":96},"end":{"line":114,"column":100}},{"start":{"line":114,"column":104},"end":{"line":114,"column":108}}],"line":114},"11":{"loc":{"start":{"line":125,"column":4},"end":{"line":127,"column":5}},"type":"if","locations":[{"start":{"line":125,"column":4},"end":{"line":127,"column":5}},{"start":{},"end":{}}],"line":125},"12":{"loc":{"start":{"line":125,"column":8},"end":{"line":125,"column":30}},"type":"binary-expr","locations":[{"start":{"line":125,"column":8},"end":{"line":125,"column":16}},{"start":{"line":125,"column":20},"end":{"line":125,"column":30}}],"line":125},"13":{"loc":{"start":{"line":132,"column":27},"end":{"line":132,"column":42}},"type":"binary-expr","locations":[{"start":{"line":132,"column":27},"end":{"line":132,"column":34}},{"start":{"line":132,"column":38},"end":{"line":132,"column":42}}],"line":132},"14":{"loc":{"start":{"line":151,"column":4},"end":{"line":155,"column":5}},"type":"if","locations":[{"start":{"line":151,"column":4},"end":{"line":155,"column":5}},{"start":{},"end":{}}],"line":151},"15":{"loc":{"start":{"line":151,"column":8},"end":{"line":151,"column":30}},"type":"binary-expr","locations":[{"start":{"line":151,"column":8},"end":{"line":151,"column":18}},{"start":{"line":151,"column":22},"end":{"line":151,"column":30}}],"line":151},"16":{"loc":{"start":{"line":170,"column":4},"end":{"line":172,"column":5}},"type":"if","locations":[{"start":{"line":170,"column":4},"end":{"line":172,"column":5}},{"start":{},"end":{}}],"line":170},"17":{"loc":{"start":{"line":182,"column":4},"end":{"line":184,"column":5}},"type":"if","locations":[{"start":{"line":182,"column":4},"end":{"line":184,"column":5}},{"start":{},"end":{}}],"line":182},"18":{"loc":{"start":{"line":193,"column":4},"end":{"line":195,"column":5}},"type":"if","locations":[{"start":{"line":193,"column":4},"end":{"line":195,"column":5}},{"start":{},"end":{}}],"line":193}},"s":{"0":2,"1":2,"2":0,"3":0,"4":0,"5":0,"6":0,"7":0,"8":0,"9":0,"10":0,"11":0,"12":0,"13":0,"14":0,"15":0,"16":0,"17":0,"18":0,"19":0,"20":0,"21":0,"22":0,"23":0,"24":0,"25":0,"26":0,"27":0,"28":0,"29":0,"30":0,"31":0,"32":0,"33":0,"34":0,"35":0,"36":0,"37":0,"38":0,"39":0,"40":0,"41":0,"42":0,"43":0,"44":0,"45":0,"46":0,"47":0,"48":0,"49":0,"50":0,"51":0,"52":0,"53":0,"54":0,"55":0,"56":0,"57":0,"58":0,"59":0,"60":0,"61":0,"62":2},"f":{"0":0,"1":0,"2":0,"3":0,"4":0,"5":0,"6":0,"7":0,"8":0,"9":0},"b":{"0":[0,0],"1":[0,0],"2":[0,0],"3":[0,0],"4":[0,0],"5":[0,0],"6":[0,0],"7":[0,0],"8":[0,0],"9":[0,0],"10":[0,0],"11":[0,0],"12":[0,0],"13":[0,0],"14":[0,0],"15":[0,0],"16":[0,0],"17":[0,0],"18":[0,0]},"_coverageSchema":"1a1c01bbd47fc00a2c39e90264f33305004495a9","hash":"6029fd526994d51ee7a3e71326da8682f1fea437"}
,"C:\\Users\\Mohab\\Documents\\LaFosse Academy\\Beta-project\\footprint-mobile-app\\server\\models\\User.js": {"path":"C:\\Users\\Mohab\\Documents\\LaFosse Academy\\Beta-project\\footprint-mobile-app\\server\\models\\User.js","statementMap":{"0":{"start":{"line":1,"column":11},"end":{"line":1,"column":44}},"1":{"start":{"line":5,"column":4},"end":{"line":5,"column":17}},"2":{"start":{"line":6,"column":4},"end":{"line":6,"column":29}},"3":{"start":{"line":7,"column":4},"end":{"line":7,"column":23}},"4":{"start":{"line":8,"column":4},"end":{"line":8,"column":29}},"5":{"start":{"line":9,"column":4},"end":{"line":9,"column":37}},"6":{"start":{"line":13,"column":19},"end":{"line":13,"column":56}},"7":{"start":{"line":14,"column":4},"end":{"line":16,"column":5}},"8":{"start":{"line":15,"column":6},"end":{"line":15,"column":40}},"9":{"start":{"line":17,"column":4},"end":{"line":26,"column":6}},"10":{"start":{"line":19,"column":8},"end":{"line":25,"column":9}},"11":{"start":{"line":30,"column":19},"end":{"line":32,"column":6}},"12":{"start":{"line":33,"column":4},"end":{"line":35,"column":5}},"13":{"start":{"line":34,"column":6},"end":{"line":34,"column":40}},"14":{"start":{"line":36,"column":4},"end":{"line":45,"column":9}},"15":{"start":{"line":38,"column":8},"end":{"line":44,"column":9}},"16":{"start":{"line":50,"column":19},"end":{"line":52,"column":6}},"17":{"start":{"line":53,"column":4},"end":{"line":55,"column":5}},"18":{"start":{"line":54,"column":6},"end":{"line":54,"column":40}},"19":{"start":{"line":56,"column":4},"end":{"line":65,"column":9}},"20":{"start":{"line":58,"column":8},"end":{"line":64,"column":9}},"21":{"start":{"line":69,"column":56},"end":{"line":69,"column":60}},"22":{"start":{"line":70,"column":4},"end":{"line":72,"column":5}},"23":{"start":{"line":71,"column":6},"end":{"line":71,"column":49}},"24":{"start":{"line":73,"column":25},"end":{"line":76,"column":5}},"25":{"start":{"line":77,"column":4},"end":{"line":79,"column":5}},"26":{"start":{"line":78,"column":6},"end":{"line":78,"column":46}},"27":{"start":{"line":80,"column":19},"end":{"line":83,"column":5}},"28":{"start":{"line":84,"column":16},"end":{"line":84,"column":30}},"29":{"start":{"line":85,"column":4},"end":{"line":91,"column":6}},"30":{"start":{"line":95,"column":19},"end":{"line":95,"column":21}},"31":{"start":{"line":96,"column":19},"end":{"line":96,"column":21}},"32":{"start":{"line":97,"column":16},"end":{"line":97,"column":17}},"33":{"start":{"line":100,"column":4},"end":{"line":104,"column":5}},"34":{"start":{"line":101,"column":6},"end":{"line":101,"column":40}},"35":{"start":{"line":102,"column":6},"end":{"line":102,"column":29}},"36":{"start":{"line":103,"column":6},"end":{"line":103,"column":14}},"37":{"start":{"line":106,"column":4},"end":{"line":108,"column":5}},"38":{"start":{"line":107,"column":6},"end":{"line":107,"column":45}},"39":{"start":{"line":110,"column":4},"end":{"line":110,"column":20}},"40":{"start":{"line":112,"column":18},"end":{"line":112,"column":90}},"41":{"start":{"line":114,"column":19},"end":{"line":114,"column":48}},"42":{"start":{"line":116,"column":4},"end":{"line":118,"column":5}},"43":{"start":{"line":117,"column":6},"end":{"line":117,"column":40}},"44":{"start":{"line":120,"column":16},"end":{"line":120,"column":30}},"45":{"start":{"line":122,"column":4},"end":{"line":128,"column":6}},"46":{"start":{"line":133,"column":19},"end":{"line":136,"column":5}},"47":{"start":{"line":137,"column":4},"end":{"line":139,"column":5}},"48":{"start":{"line":138,"column":6},"end":{"line":138,"column":40}},"49":{"start":{"line":140,"column":16},"end":{"line":140,"column":30}},"50":{"start":{"line":141,"column":4},"end":{"line":147,"column":6}},"51":{"start":{"line":151,"column":0},"end":{"line":151,"column":22}}},"fnMap":{"0":{"name":"(anonymous_0)","decl":{"start":{"line":4,"column":2},"end":{"line":4,"column":3}},"loc":{"start":{"line":4,"column":59},"end":{"line":10,"column":3}},"line":4},"1":{"name":"(anonymous_1)","decl":{"start":{"line":12,"column":2},"end":{"line":12,"column":3}},"loc":{"start":{"line":12,"column":26},"end":{"line":27,"column":3}},"line":12},"2":{"name":"(anonymous_2)","decl":{"start":{"line":18,"column":6},"end":{"line":18,"column":7}},"loc":{"start":{"line":19,"column":8},"end":{"line":25,"column":9}},"line":19},"3":{"name":"(anonymous_3)","decl":{"start":{"line":29,"column":2},"end":{"line":29,"column":3}},"loc":{"start":{"line":29,"column":39},"end":{"line":46,"column":3}},"line":29},"4":{"name":"(anonymous_4)","decl":{"start":{"line":37,"column":6},"end":{"line":37,"column":7}},"loc":{"start":{"line":38,"column":8},"end":{"line":44,"column":9}},"line":38},"5":{"name":"(anonymous_5)","decl":{"start":{"line":49,"column":2},"end":{"line":49,"column":3}},"loc":{"start":{"line":49,"column":27},"end":{"line":66,"column":3}},"line":49},"6":{"name":"(anonymous_6)","decl":{"start":{"line":57,"column":6},"end":{"line":57,"column":7}},"loc":{"start":{"line":58,"column":8},"end":{"line":64,"column":9}},"line":58},"7":{"name":"(anonymous_7)","decl":{"start":{"line":68,"column":2},"end":{"line":68,"column":3}},"loc":{"start":{"line":68,"column":28},"end":{"line":92,"column":3}},"line":68},"8":{"name":"(anonymous_8)","decl":{"start":{"line":94,"column":2},"end":{"line":94,"column":3}},"loc":{"start":{"line":94,"column":32},"end":{"line":129,"column":3}},"line":94},"9":{"name":"(anonymous_9)","decl":{"start":{"line":132,"column":2},"end":{"line":132,"column":3}},"loc":{"start":{"line":132,"column":26},"end":{"line":148,"column":3}},"line":132}},"branchMap":{"0":{"loc":{"start":{"line":14,"column":4},"end":{"line":16,"column":5}},"type":"if","locations":[{"start":{"line":14,"column":4},"end":{"line":16,"column":5}},{"start":{},"end":{}}],"line":14},"1":{"loc":{"start":{"line":33,"column":4},"end":{"line":35,"column":5}},"type":"if","locations":[{"start":{"line":33,"column":4},"end":{"line":35,"column":5}},{"start":{},"end":{}}],"line":33},"2":{"loc":{"start":{"line":53,"column":4},"end":{"line":55,"column":5}},"type":"if","locations":[{"start":{"line":53,"column":4},"end":{"line":55,"column":5}},{"start":{},"end":{}}],"line":53},"3":{"loc":{"start":{"line":70,"column":4},"end":{"line":72,"column":5}},"type":"if","locations":[{"start":{"line":70,"column":4},"end":{"line":72,"column":5}},{"start":{},"end":{}}],"line":70},"4":{"loc":{"start":{"line":70,"column":8},"end":{"line":70,"column":57}},"type":"binary-expr","locations":[{"start":{"line":70,"column":8},"end":{"line":70,"column":17}},{"start":{"line":70,"column":21},"end":{"line":70,"column":27}},{"start":{"line":70,"column":31},"end":{"line":70,"column":40}},{"start":{"line":70,"column":44},"end":{"line":70,"column":57}}],"line":70},"5":{"loc":{"start":{"line":77,"column":4},"end":{"line":79,"column":5}},"type":"if","locations":[{"start":{"line":77,"column":4},"end":{"line":79,"column":5}},{"start":{},"end":{}}],"line":77},"6":{"loc":{"start":{"line":106,"column":4},"end":{"line":108,"column":5}},"type":"if","locations":[{"start":{"line":106,"column":4},"end":{"line":108,"column":5}},{"start":{},"end":{}}],"line":106},"7":{"loc":{"start":{"line":116,"column":4},"end":{"line":118,"column":5}},"type":"if","locations":[{"start":{"line":116,"column":4},"end":{"line":118,"column":5}},{"start":{},"end":{}}],"line":116},"8":{"loc":{"start":{"line":137,"column":4},"end":{"line":139,"column":5}},"type":"if","locations":[{"start":{"line":137,"column":4},"end":{"line":139,"column":5}},{"start":{},"end":{}}],"line":137}},"s":{"0":2,"1":5,"2":5,"3":5,"4":5,"5":5,"6":0,"7":0,"8":0,"9":0,"10":0,"11":4,"12":4,"13":1,"14":3,"15":3,"16":0,"17":0,"18":0,"19":0,"20":0,"21":3,"22":3,"23":0,"24":3,"25":3,"26":1,"27":2,"28":2,"29":2,"30":0,"31":0,"32":0,"33":0,"34":0,"35":0,"36":0,"37":0,"38":0,"39":0,"40":0,"41":0,"42":0,"43":0,"44":0,"45":0,"46":0,"47":0,"48":0,"49":0,"50":0,"51":2},"f":{"0":5,"1":0,"2":0,"3":4,"4":3,"5":0,"6":0,"7":3,"8":0,"9":0},"b":{"0":[0,0],"1":[1,3],"2":[0,0],"3":[0,3],"4":[3,3,3,3],"5":[1,2],"6":[0,0],"7":[0,0],"8":[0,0]},"_coverageSchema":"1a1c01bbd47fc00a2c39e90264f33305004495a9","hash":"6f82f0c2ec36efc013e01f0c67624c1cc919254f"}
,"C:\\Users\\Mohab\\Documents\\LaFosse Academy\\Beta-project\\footprint-mobile-app\\server\\models\\UserStats.js": {"path":"C:\\Users\\Mohab\\Documents\\LaFosse Academy\\Beta-project\\footprint-mobile-app\\server\\models\\UserStats.js","statementMap":{"0":{"start":{"line":1,"column":11},"end":{"line":1,"column":44}},"1":{"start":{"line":5,"column":19},"end":{"line":15,"column":5}},"2":{"start":{"line":16,"column":4},"end":{"line":16,"column":26}},"3":{"start":{"line":20,"column":19},"end":{"line":30,"column":5}},"4":{"start":{"line":31,"column":4},"end":{"line":31,"column":23}},"5":{"start":{"line":35,"column":19},"end":{"line":43,"column":5}},"6":{"start":{"line":44,"column":4},"end":{"line":44,"column":34}},"7":{"start":{"line":48,"column":0},"end":{"line":48,"column":27}}},"fnMap":{"0":{"name":"(anonymous_0)","decl":{"start":{"line":4,"column":2},"end":{"line":4,"column":3}},"loc":{"start":{"line":4,"column":33},"end":{"line":17,"column":3}},"line":4},"1":{"name":"(anonymous_1)","decl":{"start":{"line":19,"column":2},"end":{"line":19,"column":3}},"loc":{"start":{"line":19,"column":46},"end":{"line":32,"column":3}},"line":19},"2":{"name":"(anonymous_2)","decl":{"start":{"line":34,"column":2},"end":{"line":34,"column":3}},"loc":{"start":{"line":34,"column":43},"end":{"line":45,"column":3}},"line":34}},"branchMap":{"0":{"loc":{"start":{"line":44,"column":11},"end":{"line":44,"column":33}},"type":"binary-expr","locations":[{"start":{"line":44,"column":11},"end":{"line":44,"column":25}},{"start":{"line":44,"column":29},"end":{"line":44,"column":33}}],"line":44}},"s":{"0":2,"1":0,"2":0,"3":0,"4":0,"5":0,"6":0,"7":2},"f":{"0":0,"1":0,"2":0},"b":{"0":[0,0]},"_coverageSchema":"1a1c01bbd47fc00a2c39e90264f33305004495a9","hash":"3cc9c65d0abff0e3046089505a4e9d55c38724a3"}
,"C:\\Users\\Mohab\\Documents\\LaFosse Academy\\Beta-project\\footprint-mobile-app\\server\\models\\VisitedLocation.js": {"path":"C:\\Users\\Mohab\\Documents\\LaFosse Academy\\Beta-project\\footprint-mobile-app\\server\\models\\VisitedLocation.js","statementMap":{"0":{"start":{"line":1,"column":11},"end":{"line":1,"column":44}},"1":{"start":{"line":5,"column":4},"end":{"line":5,"column":17}},"2":{"start":{"line":6,"column":4},"end":{"line":6,"column":27}},"3":{"start":{"line":7,"column":4},"end":{"line":7,"column":33}},"4":{"start":{"line":8,"column":4},"end":{"line":8,"column":27}},"5":{"start":{"line":9,"column":4},"end":{"line":9,"column":27}},"6":{"start":{"line":10,"column":4},"end":{"line":10,"column":37}},"7":{"start":{"line":11,"column":4},"end":{"line":11,"column":23}},"8":{"start":{"line":12,"column":4},"end":{"line":12,"column":33}},"9":{"start":{"line":16,"column":19},"end":{"line":29,"column":5}},"10":{"start":{"line":30,"column":4},"end":{"line":30,"column":23}},"11":{"start":{"line":34,"column":75},"end":{"line":34,"column":79}},"12":{"start":{"line":36,"column":4},"end":{"line":38,"column":5}},"13":{"start":{"line":37,"column":6},"end":{"line":37,"column":61}},"14":{"start":{"line":40,"column":19},"end":{"line":53,"column":5}},"15":{"start":{"line":55,"column":16},"end":{"line":55,"column":30}},"16":{"start":{"line":56,"column":4},"end":{"line":59,"column":6}},"17":{"start":{"line":63,"column":4},"end":{"line":65,"column":5}},"18":{"start":{"line":64,"column":6},"end":{"line":64,"column":62}},"19":{"start":{"line":67,"column":21},"end":{"line":67,"column":23}},"20":{"start":{"line":69,"column":4},"end":{"line":83,"column":5}},"21":{"start":{"line":70,"column":23},"end":{"line":73,"column":7}},"22":{"start":{"line":75,"column":6},"end":{"line":82,"column":7}},"23":{"start":{"line":76,"column":23},"end":{"line":80,"column":9}},"24":{"start":{"line":81,"column":8},"end":{"line":81,"column":38}},"25":{"start":{"line":85,"column":4},"end":{"line":85,"column":20}},"26":{"start":{"line":89,"column":19},"end":{"line":92,"column":5}},"27":{"start":{"line":93,"column":4},"end":{"line":95,"column":5}},"28":{"start":{"line":94,"column":6},"end":{"line":94,"column":73}},"29":{"start":{"line":96,"column":4},"end":{"line":96,"column":26}},"30":{"start":{"line":100,"column":0},"end":{"line":100,"column":33}}},"fnMap":{"0":{"name":"(anonymous_0)","decl":{"start":{"line":4,"column":2},"end":{"line":4,"column":3}},"loc":{"start":{"line":4,"column":90},"end":{"line":13,"column":3}},"line":4},"1":{"name":"(anonymous_1)","decl":{"start":{"line":15,"column":2},"end":{"line":15,"column":3}},"loc":{"start":{"line":15,"column":34},"end":{"line":31,"column":3}},"line":15},"2":{"name":"(anonymous_2)","decl":{"start":{"line":33,"column":2},"end":{"line":33,"column":3}},"loc":{"start":{"line":33,"column":28},"end":{"line":60,"column":3}},"line":33},"3":{"name":"(anonymous_3)","decl":{"start":{"line":62,"column":2},"end":{"line":62,"column":3}},"loc":{"start":{"line":62,"column":48},"end":{"line":86,"column":3}},"line":62},"4":{"name":"(anonymous_4)","decl":{"start":{"line":88,"column":2},"end":{"line":88,"column":3}},"loc":{"start":{"line":88,"column":35},"end":{"line":97,"column":3}},"line":88}},"branchMap":{"0":{"loc":{"start":{"line":36,"column":4},"end":{"line":38,"column":5}},"type":"if","locations":[{"start":{"line":36,"column":4},"end":{"line":38,"column":5}},{"start":{},"end":{}}],"line":36},"1":{"loc":{"start":{"line":36,"column":8},"end":{"line":36,"column":31}},"type":"binary-expr","locations":[{"start":{"line":36,"column":8},"end":{"line":36,"column":16}},{"start":{"line":36,"column":20},"end":{"line":36,"column":31}}],"line":36},"2":{"loc":{"start":{"line":48,"column":8},"end":{"line":48,"column":23}},"type":"binary-expr","locations":[{"start":{"line":48,"column":8},"end":{"line":48,"column":15}},{"start":{"line":48,"column":19},"end":{"line":48,"column":23}}],"line":48},"3":{"loc":{"start":{"line":49,"column":8},"end":{"line":49,"column":23}},"type":"binary-expr","locations":[{"start":{"line":49,"column":8},"end":{"line":49,"column":15}},{"start":{"line":49,"column":19},"end":{"line":49,"column":23}}],"line":49},"4":{"loc":{"start":{"line":50,"column":8},"end":{"line":50,"column":34}},"type":"binary-expr","locations":[{"start":{"line":50,"column":8},"end":{"line":50,"column":20}},{"start":{"line":50,"column":24},"end":{"line":50,"column":34}}],"line":50},"5":{"loc":{"start":{"line":51,"column":8},"end":{"line":51,"column":21}},"type":"binary-expr","locations":[{"start":{"line":51,"column":8},"end":{"line":51,"column":13}},{"start":{"line":51,"column":17},"end":{"line":51,"column":21}}],"line":51},"6":{"loc":{"start":{"line":63,"column":4},"end":{"line":65,"column":5}},"type":"if","locations":[{"start":{"line":63,"column":4},"end":{"line":65,"column":5}},{"start":{},"end":{}}],"line":63},"7":{"loc":{"start":{"line":63,"column":8},"end":{"line":63,"column":60}},"type":"binary-expr","locations":[{"start":{"line":63,"column":8},"end":{"line":63,"column":16}},{"start":{"line":63,"column":20},"end":{"line":63,"column":32}},{"start":{"line":63,"column":36},"end":{"line":63,"column":60}}],"line":63},"8":{"loc":{"start":{"line":75,"column":6},"end":{"line":82,"column":7}},"type":"if","locations":[{"start":{"line":75,"column":6},"end":{"line":82,"column":7}},{"start":{},"end":{}}],"line":75},"9":{"loc":{"start":{"line":93,"column":4},"end":{"line":95,"column":5}},"type":"if","locations":[{"start":{"line":93,"column":4},"end":{"line":95,"column":5}},{"start":{},"end":{}}],"line":93}},"s":{"0":2,"1":0,"2":0,"3":0,"4":0,"5":0,"6":0,"7":0,"8":0,"9":0,"10":0,"11":0,"12":0,"13":0,"14":0,"15":0,"16":0,"17":0,"18":0,"19":0,"20":0,"21":0,"22":0,"23":0,"24":0,"25":0,"26":0,"27":0,"28":0,"29":0,"30":2},"f":{"0":0,"1":0,"2":0,"3":0,"4":0},"b":{"0":[0,0],"1":[0,0],"2":[0,0],"3":[0,0],"4":[0,0],"5":[0,0],"6":[0,0],"7":[0,0,0],"8":[0,0],"9":[0,0]},"_coverageSchema":"1a1c01bbd47fc00a2c39e90264f33305004495a9","hash":"9a5961c6fb8d81c7175318b046f5a95956735a01"}
,"C:\\Users\\Mohab\\Documents\\LaFosse Academy\\Beta-project\\footprint-mobile-app\\server\\routes\\country.js": {"path":"C:\\Users\\Mohab\\Documents\\LaFosse Academy\\Beta-project\\footprint-mobile-app\\server\\routes\\country.js","statementMap":{"0":{"start":{"line":1,"column":19},"end":{"line":1,"column":37}},"1":{"start":{"line":2,"column":64},"end":{"line":2,"column":97}},"2":{"start":{"line":3,"column":22},"end":{"line":3,"column":60}},"3":{"start":{"line":5,"column":22},"end":{"line":5,"column":30}},"4":{"start":{"line":7,"column":0},"end":{"line":7,"column":55}},"5":{"start":{"line":8,"column":0},"end":{"line":8,"column":57}},"6":{"start":{"line":9,"column":0},"end":{"line":9,"column":68}},"7":{"start":{"line":11,"column":0},"end":{"line":11,"column":31}}},"fnMap":{},"branchMap":{},"s":{"0":2,"1":2,"2":2,"3":2,"4":2,"5":2,"6":2,"7":2},"f":{},"b":{},"_coverageSchema":"1a1c01bbd47fc00a2c39e90264f33305004495a9","hash":"c2067e9d21ab399fcd8a6c21f5d7b1b219c30612"}
,"C:\\Users\\Mohab\\Documents\\LaFosse Academy\\Beta-project\\footprint-mobile-app\\server\\routes\\trip.js": {"path":"C:\\Users\\Mohab\\Documents\\LaFosse Academy\\Beta-project\\footprint-mobile-app\\server\\routes\\trip.js","statementMap":{"0":{"start":{"line":1,"column":19},"end":{"line":1,"column":37}},"1":{"start":{"line":12,"column":4},"end":{"line":12,"column":34}},"2":{"start":{"line":13,"column":22},"end":{"line":13,"column":60}},"3":{"start":{"line":14,"column":15},"end":{"line":14,"column":46}},"4":{"start":{"line":16,"column":19},"end":{"line":16,"column":27}},"5":{"start":{"line":19,"column":0},"end":{"line":19,"column":48}},"6":{"start":{"line":22,"column":0},"end":{"line":22,"column":63}},"7":{"start":{"line":23,"column":0},"end":{"line":23,"column":51}},"8":{"start":{"line":24,"column":0},"end":{"line":24,"column":48}},"9":{"start":{"line":25,"column":0},"end":{"line":25,"column":52}},"10":{"start":{"line":26,"column":0},"end":{"line":26,"column":53}},"11":{"start":{"line":27,"column":0},"end":{"line":27,"column":80}},"12":{"start":{"line":28,"column":0},"end":{"line":28,"column":56}},"13":{"start":{"line":29,"column":0},"end":{"line":29,"column":70}},"14":{"start":{"line":31,"column":0},"end":{"line":31,"column":28}}},"fnMap":{},"branchMap":{},"s":{"0":2,"1":2,"2":2,"3":2,"4":2,"5":2,"6":2,"7":2,"8":2,"9":2,"10":2,"11":2,"12":2,"13":2,"14":2},"f":{},"b":{},"_coverageSchema":"1a1c01bbd47fc00a2c39e90264f33305004495a9","hash":"286c3fe7fcdb171d9df4dee19e91e372cecc771b"}
,"C:\\Users\\Mohab\\Documents\\LaFosse Academy\\Beta-project\\footprint-mobile-app\\server\\routes\\user.js": {"path":"C:\\Users\\Mohab\\Documents\\LaFosse Academy\\Beta-project\\footprint-mobile-app\\server\\routes\\user.js","statementMap":{"0":{"start":{"line":1,"column":19},"end":{"line":1,"column":37}},"1":{"start":{"line":2,"column":23},"end":{"line":2,"column":53}},"2":{"start":{"line":3,"column":26},"end":{"line":3,"column":64}},"3":{"start":{"line":5,"column":19},"end":{"line":5,"column":27}},"4":{"start":{"line":8,"column":0},"end":{"line":8,"column":54}},"5":{"start":{"line":9,"column":0},"end":{"line":9,"column":48}},"6":{"start":{"line":11,"column":0},"end":{"line":11,"column":28}}},"fnMap":{},"branchMap":{},"s":{"0":2,"1":2,"2":2,"3":2,"4":2,"5":2,"6":2},"f":{},"b":{},"_coverageSchema":"1a1c01bbd47fc00a2c39e90264f33305004495a9","hash":"14de1f9a3e193771b635d5b33619576e7149da5e"}
,"C:\\Users\\Mohab\\Documents\\LaFosse Academy\\Beta-project\\footprint-mobile-app\\server\\routes\\userStats.js": {"path":"C:\\Users\\Mohab\\Documents\\LaFosse Academy\\Beta-project\\footprint-mobile-app\\server\\routes\\userStats.js","statementMap":{"0":{"start":{"line":1,"column":19},"end":{"line":1,"column":37}},"1":{"start":{"line":2,"column":21},"end":{"line":2,"column":56}},"2":{"start":{"line":3,"column":22},"end":{"line":3,"column":60}},"3":{"start":{"line":5,"column":24},"end":{"line":5,"column":32}},"4":{"start":{"line":7,"column":0},"end":{"line":7,"column":57}},"5":{"start":{"line":9,"column":0},"end":{"line":9,"column":33}}},"fnMap":{},"branchMap":{},"s":{"0":2,"1":2,"2":2,"3":2,"4":2,"5":2},"f":{},"b":{},"_coverageSchema":"1a1c01bbd47fc00a2c39e90264f33305004495a9","hash":"91b2225c10f3a3a011d47eb5f25b38bc8c25f9a6"}
,"C:\\Users\\Mohab\\Documents\\LaFosse Academy\\Beta-project\\footprint-mobile-app\\server\\routes\\visitedLocation.js": {"path":"C:\\Users\\Mohab\\Documents\\LaFosse Academy\\Beta-project\\footprint-mobile-app\\server\\routes\\visitedLocation.js","statementMap":{"0":{"start":{"line":1,"column":19},"end":{"line":1,"column":37}},"1":{"start":{"line":7,"column":4},"end":{"line":7,"column":45}},"2":{"start":{"line":8,"column":22},"end":{"line":8,"column":60}},"3":{"start":{"line":10,"column":22},"end":{"line":10,"column":30}},"4":{"start":{"line":12,"column":0},"end":{"line":12,"column":63}},"5":{"start":{"line":13,"column":0},"end":{"line":13,"column":52}},"6":{"start":{"line":14,"column":0},"end":{"line":14,"column":61}},"7":{"start":{"line":15,"column":0},"end":{"line":15,"column":57}},"8":{"start":{"line":17,"column":0},"end":{"line":17,"column":31}}},"fnMap":{},"branchMap":{},"s":{"0":2,"1":2,"2":2,"3":2,"4":2,"5":2,"6":2,"7":2,"8":2},"f":{},"b":{},"_coverageSchema":"1a1c01bbd47fc00a2c39e90264f33305004495a9","hash":"74845305743f970abe61873fa1b3c479ed77c2fc"}
}
