TN:
SF:app.js
FN:28,(anonymous_0)
FNF:1
FNH:0
FNDA:0,(anonymous_0)
DA:2,2
DA:3,2
DA:4,2
DA:7,2
DA:8,2
DA:9,2
DA:10,2
DA:11,2
DA:14,2
DA:17,2
DA:18,2
DA:19,2
DA:22,2
DA:23,2
DA:24,2
DA:25,2
DA:26,2
DA:28,2
DA:29,0
DA:32,2
LF:20
LH:19
BRF:0
BRH:0
end_of_record
TN:
SF:controllers\country.js
FN:3,getAllCountries
FN:12,getCountryById
FN:21,getCitiesByCountry
FNF:3
FNH:3
FNDA:3,getAllCountries
FNDA:2,getCountryById
FNDA:1,getCitiesByCountry
DA:1,2
DA:4,3
DA:5,3
DA:6,3
DA:8,0
DA:13,2
DA:14,2
DA:15,1
DA:17,1
DA:22,1
DA:23,1
DA:24,1
DA:26,0
DA:30,2
LF:14
LH:12
BRF:0
BRH:0
end_of_record
TN:
SF:controllers\trip.js
FN:3,getTripsByUser
FN:12,getTripById
FN:21,getTripByToken
FN:30,createTrip
FN:48,addImage
FN:69,getImages
FN:78,updateTrip
FN:87,deleteImage
FN:96,deleteTrip
FNF:9
FNH:0
FNDA:0,getTripsByUser
FNDA:0,getTripById
FNDA:0,getTripByToken
FNDA:0,createTrip
FNDA:0,addImage
FNDA:0,getImages
FNDA:0,updateTrip
FNDA:0,deleteImage
FNDA:0,deleteTrip
DA:1,2
DA:4,0
DA:5,0
DA:6,0
DA:8,0
DA:13,0
DA:14,0
DA:15,0
DA:17,0
DA:22,0
DA:23,0
DA:24,0
DA:26,0
DA:31,0
DA:32,0
DA:41,0
DA:42,0
DA:44,0
DA:49,0
DA:50,0
DA:51,0
DA:54,0
DA:55,0
DA:57,0
DA:63,0
DA:65,0
DA:70,0
DA:71,0
DA:72,0
DA:74,0
DA:79,0
DA:80,0
DA:81,0
DA:83,0
DA:88,0
DA:89,0
DA:90,0
DA:92,0
DA:97,0
DA:98,0
DA:99,0
DA:101,0
DA:105,2
LF:43
LH:2
BRDA:50,0,0,0
BRDA:50,0,1,0
BRDA:55,1,0,0
BRDA:55,1,1,0
BRF:4
BRH:0
end_of_record
TN:
SF:controllers\user.js
FN:6,register
FN:19,login
FN:51,updateUser
FNF:3
FNH:2
FNDA:4,register
FNDA:4,login
FNDA:0,updateUser
DA:1,2
DA:2,2
DA:3,2
DA:7,4
DA:8,4
DA:9,4
DA:10,4
DA:11,3
DA:12,2
DA:14,2
DA:20,4
DA:22,4
DA:23,4
DA:25,3
DA:26,0
DA:28,3
DA:30,3
DA:31,1
DA:34,2
DA:42,2
DA:47,1
DA:53,2
LF:22
LH:21
BRDA:25,0,0,0
BRDA:25,0,1,3
BRDA:30,1,0,1
BRDA:30,1,1,2
BRF:4
BRH:3
end_of_record
TN:
SF:controllers\userStats.js
FN:3,getStats
FNF:1
FNH:0
FNDA:0,getStats
DA:1,2
DA:4,0
DA:5,0
DA:6,0
DA:7,0
DA:8,0
DA:10,0
DA:16,0
DA:20,2
LF:9
LH:2
BRF:0
BRH:0
end_of_record
TN:
SF:controllers\visitedLocation.js
FN:3,getVisitedByUser
FN:12,createVisit
FN:29,bulkCreateVisits
FN:43,deleteVisit
FNF:4
FNH:0
FNDA:0,getVisitedByUser
FNDA:0,createVisit
FNDA:0,bulkCreateVisits
FNDA:0,deleteVisit
DA:1,2
DA:4,0
DA:5,0
DA:6,0
DA:8,0
DA:13,0
DA:14,0
DA:22,0
DA:23,0
DA:25,0
DA:30,0
DA:31,0
DA:32,0
DA:33,0
DA:34,0
DA:39,0
DA:44,0
DA:45,0
DA:46,0
DA:48,0
DA:52,2
LF:21
LH:2
BRF:0
BRH:0
end_of_record
TN:
SF:database\connect.js
FNF:0
FNH:0
DA:1,2
DA:2,2
DA:4,2
DA:8,2
DA:13,2
LF:5
LH:5
BRDA:4,0,0,2
BRDA:4,0,1,0
BRF:2
BRH:1
end_of_record
TN:
SF:middleware\authenticator.js
FN:3,authenticator
FN:16,(anonymous_1)
FNF:2
FNH:2
FNDA:9,authenticator
FNDA:7,(anonymous_1)
DA:1,2
DA:5,9
DA:6,9
DA:7,2
DA:10,7
DA:11,7
DA:12,0
DA:15,7
DA:16,7
DA:17,7
DA:18,1
DA:20,6
DA:21,6
DA:25,0
DA:29,2
LF:15
LH:13
BRDA:6,0,0,2
BRDA:6,0,1,7
BRDA:11,1,0,0
BRDA:11,1,1,7
BRDA:15,2,0,7
BRDA:15,2,1,0
BRDA:17,3,0,1
BRDA:17,3,1,6
BRF:8
BRH:6
end_of_record
TN:
SF:middleware\upload.js
FNF:0
FNH:0
DA:1,2
DA:2,2
DA:3,2
DA:5,2
DA:11,2
DA:19,2
DA:21,2
LF:7
LH:7
BRF:0
BRH:0
end_of_record
TN:
SF:models\Country.js
FN:4,(anonymous_0)
FN:12,(anonymous_1)
FN:20,(anonymous_2)
FN:24,(anonymous_3)
FN:36,(anonymous_4)
FN:48,(anonymous_5)
FNF:6
FNH:5
FNDA:586,(anonymous_0)
FNDA:3,(anonymous_1)
FNDA:585,(anonymous_2)
FNDA:2,(anonymous_3)
FNDA:0,(anonymous_4)
FNDA:1,(anonymous_5)
DA:1,2
DA:5,586
DA:6,586
DA:7,586
DA:8,586
DA:9,586
DA:13,3
DA:16,3
DA:17,0
DA:19,3
DA:20,585
DA:25,2
DA:29,2
DA:30,1
DA:32,1
DA:33,1
DA:37,0
DA:41,0
DA:42,0
DA:44,0
DA:45,0
DA:49,1
DA:53,1
DA:57,2
LF:24
LH:18
BRDA:16,0,0,0
BRDA:16,0,1,3
BRDA:29,1,0,1
BRDA:29,1,1,1
BRDA:41,2,0,0
BRDA:41,2,1,0
BRF:6
BRH:3
end_of_record
TN:
SF:models\Trip.js
FN:5,(anonymous_0)
FN:18,(anonymous_1)
FN:34,(anonymous_2)
FN:64,(anonymous_3)
FN:94,(anonymous_4)
FN:124,(anonymous_5)
FN:138,(anonymous_6)
FN:146,(anonymous_7)
FN:177,(anonymous_8)
FN:188,(anonymous_9)
FNF:10
FNH:0
FNDA:0,(anonymous_0)
FNDA:0,(anonymous_1)
FNDA:0,(anonymous_2)
FNDA:0,(anonymous_3)
FNDA:0,(anonymous_4)
FNDA:0,(anonymous_5)
FNDA:0,(anonymous_6)
FNDA:0,(anonymous_7)
FNDA:0,(anonymous_8)
FNDA:0,(anonymous_9)
DA:1,2
DA:2,2
DA:6,0
DA:7,0
DA:8,0
DA:9,0
DA:10,0
DA:11,0
DA:12,0
DA:13,0
DA:14,0
DA:15,0
DA:19,0
DA:31,0
DA:35,0
DA:40,0
DA:41,0
DA:44,0
DA:52,0
DA:57,0
DA:65,0
DA:70,0
DA:71,0
DA:74,0
DA:82,0
DA:87,0
DA:95,0
DA:96,0
DA:98,0
DA:99,0
DA:103,0
DA:104,0
DA:105,0
DA:106,0
DA:109,0
DA:111,0
DA:117,0
DA:118,0
DA:125,0
DA:126,0
DA:129,0
DA:135,0
DA:139,0
DA:143,0
DA:147,0
DA:150,0
DA:151,0
DA:152,0
DA:153,0
DA:154,0
DA:157,0
DA:170,0
DA:171,0
DA:174,0
DA:178,0
DA:182,0
DA:183,0
DA:185,0
DA:189,0
DA:193,0
DA:194,0
DA:196,0
DA:200,2
LF:63
LH:3
BRDA:40,0,0,0
BRDA:40,0,1,0
BRDA:70,1,0,0
BRDA:70,1,1,0
BRDA:98,2,0,0
BRDA:98,2,1,0
BRDA:98,3,0,0
BRDA:98,3,1,0
BRDA:103,4,0,0
BRDA:103,4,1,0
BRDA:103,5,0,0
BRDA:103,5,1,0
BRDA:114,6,0,0
BRDA:114,6,1,0
BRDA:114,7,0,0
BRDA:114,7,1,0
BRDA:114,8,0,0
BRDA:114,8,1,0
BRDA:114,9,0,0
BRDA:114,9,1,0
BRDA:114,10,0,0
BRDA:114,10,1,0
BRDA:125,11,0,0
BRDA:125,11,1,0
BRDA:125,12,0,0
BRDA:125,12,1,0
BRDA:132,13,0,0
BRDA:132,13,1,0
BRDA:151,14,0,0
BRDA:151,14,1,0
BRDA:151,15,0,0
BRDA:151,15,1,0
BRDA:170,16,0,0
BRDA:170,16,1,0
BRDA:182,17,0,0
BRDA:182,17,1,0
BRDA:193,18,0,0
BRDA:193,18,1,0
BRF:38
BRH:0
end_of_record
TN:
SF:models\User.js
FN:4,(anonymous_0)
FN:12,(anonymous_1)
FN:18,(anonymous_2)
FN:29,(anonymous_3)
FN:37,(anonymous_4)
FN:49,(anonymous_5)
FN:57,(anonymous_6)
FN:68,(anonymous_7)
FN:94,(anonymous_8)
FN:132,(anonymous_9)
FNF:10
FNH:4
FNDA:5,(anonymous_0)
FNDA:0,(anonymous_1)
FNDA:0,(anonymous_2)
FNDA:4,(anonymous_3)
FNDA:3,(anonymous_4)
FNDA:0,(anonymous_5)
FNDA:0,(anonymous_6)
FNDA:3,(anonymous_7)
FNDA:0,(anonymous_8)
FNDA:0,(anonymous_9)
DA:1,2
DA:5,5
DA:6,5
DA:7,5
DA:8,5
DA:9,5
DA:13,0
DA:14,0
DA:15,0
DA:17,0
DA:19,0
DA:30,4
DA:33,4
DA:34,1
DA:36,3
DA:38,3
DA:50,0
DA:53,0
DA:54,0
DA:56,0
DA:58,0
DA:69,3
DA:70,3
DA:71,0
DA:73,3
DA:77,3
DA:78,1
DA:80,2
DA:84,2
DA:85,2
DA:95,0
DA:96,0
DA:97,0
DA:100,0
DA:101,0
DA:102,0
DA:103,0
DA:106,0
DA:107,0
DA:110,0
DA:112,0
DA:114,0
DA:116,0
DA:117,0
DA:120,0
DA:122,0
DA:133,0
DA:137,0
DA:138,0
DA:140,0
DA:141,0
DA:151,2
LF:52
LH:20
BRDA:14,0,0,0
BRDA:14,0,1,0
BRDA:33,1,0,1
BRDA:33,1,1,3
BRDA:53,2,0,0
BRDA:53,2,1,0
BRDA:70,3,0,0
BRDA:70,3,1,3
BRDA:70,4,0,3
BRDA:70,4,1,3
BRDA:70,4,2,3
BRDA:70,4,3,3
BRDA:77,5,0,1
BRDA:77,5,1,2
BRDA:106,6,0,0
BRDA:106,6,1,0
BRDA:116,7,0,0
BRDA:116,7,1,0
BRDA:137,8,0,0
BRDA:137,8,1,0
BRF:20
BRH:9
end_of_record
TN:
SF:models\UserStats.js
FN:4,(anonymous_0)
FN:19,(anonymous_1)
FN:34,(anonymous_2)
FNF:3
FNH:0
FNDA:0,(anonymous_0)
FNDA:0,(anonymous_1)
FNDA:0,(anonymous_2)
DA:1,2
DA:5,0
DA:16,0
DA:20,0
DA:31,0
DA:35,0
DA:44,0
DA:48,2
LF:8
LH:2
BRDA:44,0,0,0
BRDA:44,0,1,0
BRF:2
BRH:0
end_of_record
TN:
SF:models\VisitedLocation.js
FN:4,(anonymous_0)
FN:15,(anonymous_1)
FN:33,(anonymous_2)
FN:62,(anonymous_3)
FN:88,(anonymous_4)
FNF:5
FNH:0
FNDA:0,(anonymous_0)
FNDA:0,(anonymous_1)
FNDA:0,(anonymous_2)
FNDA:0,(anonymous_3)
FNDA:0,(anonymous_4)
DA:1,2
DA:5,0
DA:6,0
DA:7,0
DA:8,0
DA:9,0
DA:10,0
DA:11,0
DA:12,0
DA:16,0
DA:30,0
DA:34,0
DA:36,0
DA:37,0
DA:40,0
DA:55,0
DA:56,0
DA:63,0
DA:64,0
DA:67,0
DA:69,0
DA:70,0
DA:75,0
DA:76,0
DA:81,0
DA:85,0
DA:89,0
DA:93,0
DA:94,0
DA:96,0
DA:100,2
LF:31
LH:2
BRDA:36,0,0,0
BRDA:36,0,1,0
BRDA:36,1,0,0
BRDA:36,1,1,0
BRDA:48,2,0,0
BRDA:48,2,1,0
BRDA:49,3,0,0
BRDA:49,3,1,0
BRDA:50,4,0,0
BRDA:50,4,1,0
BRDA:51,5,0,0
BRDA:51,5,1,0
BRDA:63,6,0,0
BRDA:63,6,1,0
BRDA:63,7,0,0
BRDA:63,7,1,0
BRDA:63,7,2,0
BRDA:75,8,0,0
BRDA:75,8,1,0
BRDA:93,9,0,0
BRDA:93,9,1,0
BRF:21
BRH:0
end_of_record
TN:
SF:routes\country.js
FNF:0
FNH:0
DA:1,2
DA:2,2
DA:3,2
DA:5,2
DA:7,2
DA:8,2
DA:9,2
DA:11,2
LF:8
LH:8
BRF:0
BRH:0
end_of_record
TN:
SF:routes\trip.js
FNF:0
FNH:0
DA:1,2
DA:12,2
DA:13,2
DA:14,2
DA:16,2
DA:19,2
DA:22,2
DA:23,2
DA:24,2
DA:25,2
DA:26,2
DA:27,2
DA:28,2
DA:29,2
DA:31,2
LF:15
LH:15
BRF:0
BRH:0
end_of_record
TN:
SF:routes\user.js
FNF:0
FNH:0
DA:1,2
DA:2,2
DA:3,2
DA:5,2
DA:8,2
DA:9,2
DA:11,2
LF:7
LH:7
BRF:0
BRH:0
end_of_record
TN:
SF:routes\userStats.js
FNF:0
FNH:0
DA:1,2
DA:2,2
DA:3,2
DA:5,2
DA:7,2
DA:9,2
LF:6
LH:6
BRF:0
BRH:0
end_of_record
TN:
SF:routes\visitedLocation.js
FNF:0
FNH:0
DA:1,2
DA:7,2
DA:8,2
DA:10,2
DA:12,2
DA:13,2
DA:14,2
DA:15,2
DA:17,2
LF:9
LH:9
BRF:0
BRH:0
end_of_record
